
0B7GYRmQ_BOeKVTFyU1FYekxWWHc
0B7GYRmQ_BOeKSHJjSUpVT1FpSTQ
0B7GYRmQ_BOeKUDZmMjlRRkFUVms
0B7GYRmQ_BOeKc24yTURMdFhMYk0
0B7GYRmQ_BOeKUTFFb2EyaXhhY3c
0B7GYRmQ_BOeKcmNaLWxucUc2aW8
0B7GYRmQ_BOeKUTFFb2EyaXhhY3c
0B7GYRmQ_BOeKT2hHeUpBdjNkQUE
0B7GYRmQ_BOeKdXJ3Rld2alBQQWc
0B7GYRmQ_BOeKdXVRXzExVUtBTWs
0B7GYRmQ_BOeKV1NzcDBOYmVESjQ
0B7GYRmQ_BOeKRWtQNXl3UlRBNDA
0B7GYRmQ_BOeKd012N0p3RURQcDA
0B7GYRmQ_BOeKbDhGOV9XMzZ5UU0
0B7GYRmQ_BOeKb1FSNWZWX1doNWc
0B7GYRmQ_BOeKRldTZHBPTmlBS1E
0B7GYRmQ_BOeKUU5EOGZkd1hnZVk
0B7GYRmQ_BOeKM1RweWRpT2dwMm8
0B7GYRmQ_BOeKTm1ORHRJZmlXM3M
0B7GYRmQ_BOeKdTNkX1dpWmo4VkU
0B7GYRmQ_BOeKNnpuUVBCbElQRGc
0B7GYRmQ_BOeKdW9raVFpNjNBcjQ
0B7GYRmQ_BOeKUm9YTXE5QWNlcmM
0B7GYRmQ_BOeKZWd3d0FXSDFVdjg
0B7GYRmQ_BOeKd2s5emRZb0dBT3c
0B7GYRmQ_BOeKLUZrTXJfNFZmOXM
0B7GYRmQ_BOeKNmxLS1hTckJHSTA
0B7GYRmQ_BOeKWHZRbnpTeE1nZEU
0B7GYRmQ_BOeKMUFBZFRseDMtOXM
0B7GYRmQ_BOeKNW9iLVZVR1dCXzQ
0B7GYRmQ_BOeKQnB4eUJJamVzeXM
0B7GYRmQ_BOeKUmxLaWQ2dlNEUGM
0B7GYRmQ_BOeKYXYxWFhHZnNJemM
0B7GYRmQ_BOeKTWpuV2JIWGpxN1U
0B7GYRmQ_BOeKM0FZX3NjRk45am8
0B7GYRmQ_BOeKdzYzTk5FVU5xYm8
0B7GYRmQ_BOeKRkhfc2RlZXVMOGc
0B7GYRmQ_BOeKWkc0eGsyTzExYmM
0B7GYRmQ_BOeKd0ZyWHZBQk1fRms
0B7GYRmQ_BOeKWElsQUFpbnczSEU
0B7GYRmQ_BOeKYWRwTXJfUlEtQ1E
0B7GYRmQ_BOeKbFRkcGpxTk5Lbk0
0B7GYRmQ_BOeKdXlmSXhiUDExeDg
0B7GYRmQ_BOeKbGlFM0M3Q2pfVkk
0B7GYRmQ_BOeKUTFFb2EyaXhhY3c
0B7GYRmQ_BOeKUmxLaWQ2dlNEUGM
0B7GYRmQ_BOeKWkc0eGsyTzExYmM
0B7GYRmQ_BOeKWElsQUFpbnczSEU
0B7GYRmQ_BOeKOHc0TTVLSUtuV0U
0B7GYRmQ_BOeKQkQ3TlNQeDVHcWM
0B7GYRmQ_BOeKNDB2b01KbUlUNW8
0B7GYRmQ_BOeKUTFFb2EyaXhhY3c
0B7GYRmQ_BOeKUmxLaWQ2dlNEUGM
0B7GYRmQ_BOeKWkc0eGsyTzExYmM
0B7GYRmQ_BOeKWElsQUFpbnczSEU
0B7GYRmQ_BOeKQkQ3TlNQeDVHcWM
0B7GYRmQ_BOeKUTFFb2EyaXhhY3c
0B7GYRmQ_BOeKUmxLaWQ2dlNEUGM
0B7GYRmQ_BOeKWkc0eGsyTzExYmM
0B7GYRmQ_BOeKWElsQUFpbnczSEU
0B7GYRmQ_BOeKQkQ3TlNQeDVHcWM
0B7GYRmQ_BOeKbnFNRTBXQzJZNXc
0B7GYRmQ_BOeKVU1sR1BaTkRDYnc
0B7GYRmQ_BOeKcHcyY2h4RThBZDg
0B7GYRmQ_BOeKLWxfN3o5M1pCMUU
0B7GYRmQ_BOeKLWNRdlczZU5vVEE
0B7GYRmQ_BOeKU0RRWW5nTmhBRjQ
0B7GYRmQ_BOeKSkdFRGlmcVd0dWc
0B7GYRmQ_BOeKTkM2cTJjRlJqX1U
0B7GYRmQ_BOeKb0VSLU8wcmFOcms
0B7GYRmQ_BOeKZTNDME5CUS11VjQ
0B7GYRmQ_BOeKcnNLcEFsMGR1ZU0
0B7GYRmQ_BOeKUTFFb2EyaXhhY3c
0B7GYRmQ_BOeKUmxLaWQ2dlNEUGM
0B7GYRmQ_BOeKWkc0eGsyTzExYmM
0B7GYRmQ_BOeKWElsQUFpbnczSEU
0B7GYRmQ_BOeKQkQ3TlNQeDVHcWM
0B7GYRmQ_BOeKZTNDME5CUS11VjQ
0B7GYRmQ_BOeKSVNDR3dNLTU1ZU0
0B7GYRmQ_BOeKX2E3SWM5dlRKYzQ
0B7GYRmQ_BOeKbVloeF9IZzItNWs
0B7GYRmQ_BOeKcDBEWGM0ZVc3WlE
0B7GYRmQ_BOeKZXZ2N2huWW1zelU
0B7GYRmQ_BOeKWEt1WWJDMk5PeFU
0B7GYRmQ_BOeKd1F1OEJWWnZLX2M
0B7GYRmQ_BOeKZklNRndTVTlZc0k
0B7GYRmQ_BOeKNkZwVk1iVWxjNUE
0B7GYRmQ_BOeKT1hsa1VUNTRyd0U
0B7GYRmQ_BOeKUTFFb2EyaXhhY3c
0B7GYRmQ_BOeKUmxLaWQ2dlNEUGM
0B7GYRmQ_BOeKWkc0eGsyTzExYmM
0B7GYRmQ_BOeKWElsQUFpbnczSEU
0B7GYRmQ_BOeKQkQ3TlNQeDVHcWM
0B7GYRmQ_BOeKZTNDME5CUS11VjQ
0B7GYRmQ_BOeKSVNDR3dNLTU1ZU0
0B7GYRmQ_BOeKUURiNEVmUjU5T1k
0B7GYRmQ_BOeKUTFFb2EyaXhhY3c
0B7GYRmQ_BOeKUmxLaWQ2dlNEUGM
0B7GYRmQ_BOeKWkc0eGsyTzExYmM
0B7GYRmQ_BOeKWElsQUFpbnczSEU
0B7GYRmQ_BOeKQkQ3TlNQeDVHcWM
0B7GYRmQ_BOeKZTNDME5CUS11VjQ
0B7GYRmQ_BOeKSVNDR3dNLTU1ZU0
0B7GYRmQ_BOeKYzZXSXI1YTdpNTQ
0B7GYRmQ_BOeKWmYtd05weE1pZ2M
0B7GYRmQ_BOeKVnBOeTNnOVF0azA
0B7GYRmQ_BOeKd0xZTEJmbm16eGc
0B7GYRmQ_BOeKVkQ0LW1GWlJ3cEk
0B7GYRmQ_BOeKZS15MXpaOVFDZ0E
0B7GYRmQ_BOeKZG42TERsdWhOaDA
0B7GYRmQ_BOeKNG1oWVUzeXI2aHM
0B7GYRmQ_BOeKWjR3VEdkWURxMEE
0B7GYRmQ_BOeKdDhvaUU5RnZrTVU
0B7GYRmQ_BOeKUTFFb2EyaXhhY3c
0B7GYRmQ_BOeKUmxLaWQ2dlNEUGM
0B7GYRmQ_BOeKWkc0eGsyTzExYmM
0B7GYRmQ_BOeKWElsQUFpbnczSEU
0B7GYRmQ_BOeKQkQ3TlNQeDVHcWM
0B7GYRmQ_BOeKZTNDME5CUS11VjQ
0B7GYRmQ_BOeKSVNDR3dNLTU1ZU0
