000al7ru3ms success uploaded, folder id: 0B7GYRmQ_BOeKeUF6VTBxM04yTVU
00206U2HGFA success uploaded, folder id: 0B7GYRmQ_BOeKeGV1NG1FdTZWTGs
006JQAm6fSM success uploaded, folder id: 0B7GYRmQ_BOeKeHdWY3NHWjZqUFk
0084KegP7iE success uploaded, folder id: 0B7GYRmQ_BOeKM3pQSzg2ZmpLeGM
008JU4-jqH8 success uploaded, folder id: 0B7GYRmQ_BOeKM05xQU9UVUNZRGc
008xmLEC_K4 success uploaded, folder id: 0B7GYRmQ_BOeKQkhIdDdtQm1xbjQ
009t7rMl3l0 success uploaded, folder id: 0B7GYRmQ_BOeKQXk2aUk3OWt6RGM
00Bi_iT1zzQ success uploaded, folder id: 0B7GYRmQ_BOeKOWlaNXUzUk1YUEU
00Bki1-MnEY success uploaded, folder id: 0B7GYRmQ_BOeKNW51YkpiU3FxdkE
00bPH8iEsPg success uploaded, folder id: 0B7GYRmQ_BOeKRjh5U0M1X0xRekE
00C668we-Mw success uploaded, folder id: 0B7GYRmQ_BOeKdVBIYXh6OWJiR00
00cDiZrd1tI success uploaded, folder id: 0B7GYRmQ_BOeKVjdoeDh3TjlUMnM
00DwDcRR7CE success uploaded, folder id: 0B7GYRmQ_BOeKX2RpSTBmN0pXLTQ
00_eEHJsFTM success uploaded, folder id: 0B7GYRmQ_BOeKMTNDZzJVTlIwYUE
00EKbhCASjc success uploaded, folder id: 0B7GYRmQ_BOeKb05xbGY4eUQ5Ums
00EVI5yIoUw success uploaded, folder id: 0B7GYRmQ_BOeKNnBNNmJyQWJWLUU
00fO1SfEMx4 success uploaded, folder id: 0B7GYRmQ_BOeKTy1sSl9QbUlabnM
00G-3HhA7lg success uploaded, folder id: 0B7GYRmQ_BOeKaFF2Rng2SXV6RWc
0_0GKJ1lNmI success uploaded, folder id: 0B7GYRmQ_BOeKcXE0MkwzT3pGSVk
00gnRx82UKo success uploaded, folder id: 0B7GYRmQ_BOeKT1pNU2FSaW9ZZDQ
00jn48f1xvc success uploaded, folder id: 0B7GYRmQ_BOeKVjN1ZDdsakN6cjQ
00kKPOs_FA4 success uploaded, folder id: 0B7GYRmQ_BOeKcTdCLWhVazNzTDg
00kO_4rPOHw success uploaded, folder id: 0B7GYRmQ_BOeKMVQwWnVxRVl1aXc
00l2ZyQMpNU success uploaded, folder id: 0B7GYRmQ_BOeKWThjRVUtc2Z1SXc
00l8pN1SBK4 success uploaded, folder id: 0B7GYRmQ_BOeKYnYydnJSbDJraFE
00lG1jH5gPQ success uploaded, folder id: 0B7GYRmQ_BOeKaEhLLV9COElzQnM
00lTsT_kKBQ success uploaded, folder id: 0B7GYRmQ_BOeKb3lHazZoeWJJU2c
00M77BaQRmM success uploaded, folder id: 0B7GYRmQ_BOeKVEhrX2NRYUNocmc
00Nb46-ZB1I success uploaded, folder id: 0B7GYRmQ_BOeKVTg1Q09iREdEcFk
00ofspTSzQU success uploaded, folder id: 0B7GYRmQ_BOeKSWRQek9RMUFWZVk
00OiptDj40w success uploaded, folder id: 0B7GYRmQ_BOeKbUFPY3pVV29jNmc
00PT9vNvQ48 success uploaded, folder id: 0B7GYRmQ_BOeKR1drbjVKVnRzU0E
00QZhBHz7M8 success uploaded, folder id: 0B7GYRmQ_BOeKTUpudENJZGhXeXM
00R20ITLF4A success uploaded, folder id: 0B7GYRmQ_BOeKLW1BV0lDYnNNLVk
00REkGs8W9s success uploaded, folder id: 0B7GYRmQ_BOeKemV2M2lNYlFtRFE
00T_D9vdL5A success uploaded, folder id: 0B7GYRmQ_BOeKVzdTa1JNRXZKdjg
00TfdQiqFBg success uploaded, folder id: 0B7GYRmQ_BOeKMW53dlllRUdZNFE
00tYyy6WePc success uploaded, folder id: 0B7GYRmQ_BOeKbDdDX1B5YVRnNkk
00wWmQhOAaE success uploaded, folder id: 0B7GYRmQ_BOeKNVNwNDg1NTBRVEE
00x6ZXwbEQg success uploaded, folder id: 0B7GYRmQ_BOeKNDB1ZkRIeWZRclE
00XJ9qrtyHM success uploaded, folder id: 0B7GYRmQ_BOeKVzBjeWNFVVlBRTg
00XoEWDcQaE success uploaded, folder id: 0B7GYRmQ_BOeKMUFVS2NkNGJmMFU
00Xs3XnXvg0 success uploaded, folder id: 0B7GYRmQ_BOeKamhtMzI3WjhFVG8
00YgNt5umYI success uploaded, folder id: 0B7GYRmQ_BOeKMnhaaUlLZDEwbm8
00YgUKem0QM success uploaded, folder id: 0B7GYRmQ_BOeKV0xuN3JDRnp5T2M
00YY8a8RrGI success uploaded, folder id: 0B7GYRmQ_BOeKSUF2bVQ0aDBwbzg
010wdW2UmmI success uploaded, folder id: 0B7GYRmQ_BOeKZldjeHdwUFViemM
012M95iM4Zc success uploaded, folder id: 0B7GYRmQ_BOeKelM2ZWwzQzRuV0U
012OBIDhweo success uploaded, folder id: 0B7GYRmQ_BOeKZUl5cFBQVm0yQ2M
0164RHgIYbU success uploaded, folder id: 0B7GYRmQ_BOeKSlpvZVpZdWZfTEk
0165hxQ_IkQ success uploaded, folder id: 0B7GYRmQ_BOeKV2VMeUtTZmxTYTA
016LXFHpFCk success uploaded, folder id: 0B7GYRmQ_BOeKdTUzcWF5QUozeFU
019jPzHQV3g success uploaded, folder id: 0B7GYRmQ_BOeKRmMzc0FBZmNRejg
01A0r814WA4 success uploaded, folder id: 0B7GYRmQ_BOeKYWRkZEV6X0hTZFk
01bJMs2BQ2k success uploaded, folder id: 0B7GYRmQ_BOeKM1BVRThiOWVxQlU
01c1nnDKMfU success uploaded, folder id: 0B7GYRmQ_BOeKSjhDSVlKeEJDRGs
01d9wVWDIS0 success uploaded, folder id: 0B7GYRmQ_BOeKR2VJNzNERWF3dkk
01Do4a8E2yQ success uploaded, folder id: 0B7GYRmQ_BOeKR1ljNUJzdjlqdGM
01egdlDn3_g success uploaded, folder id: 0B7GYRmQ_BOeKdVVTVzNxbnhYbWs
01EgMFtNd4k success uploaded, folder id: 0B7GYRmQ_BOeKcGlJb3NHT04zQnM
0_1Ek1Wlfk8 success uploaded, folder id: 0B7GYRmQ_BOeKZkFKRGg2OHhCNnc
01F8V5IhB5k success uploaded, folder id: 0B7GYRmQ_BOeKZm5EeGhFOE5YbmM
01fCwygLkLA success uploaded, folder id: 0B7GYRmQ_BOeKSm5yNUI4TVRfV28
01-fn4zfXjc success uploaded, folder id: 0B7GYRmQ_BOeKWVNiOHVTSWNpajQ
01gcBPWJlXY success uploaded, folder id: 0B7GYRmQ_BOeKcTByVWhXeURRUmc
01GpX2wjOnM success uploaded, folder id: 0B7GYRmQ_BOeKN1piclFkT1FpRWs
01IvLcKMQcw success uploaded, folder id: 0B7GYRmQ_BOeKVWE2WVc2Ty1JZTQ
0_1Jo7NAhl4 success uploaded, folder id: 0B7GYRmQ_BOeKZUFTdzdxMDRzWUk
01JZGXN7gA4 success uploaded, folder id: 0B7GYRmQ_BOeKSWNveHp6NlBDOVE
01KCm8vwWaA success uploaded, folder id: 0B7GYRmQ_BOeKX2s2OExhTWFCSEk
01kMS65CLeo success uploaded, folder id: 0B7GYRmQ_BOeKUmlLQ0xnTVNjam8
01KWgYnTmCs success uploaded, folder id: 0B7GYRmQ_BOeKOVlzS011bmxtUmc
01MBjKT5Ouc success uploaded, folder id: 0B7GYRmQ_BOeKRXlDZFlmdENVYWc
01MExN4AbKI success uploaded, folder id: 0B7GYRmQ_BOeKZU41aThxeTRXem8
01m-LW6AVS0 success uploaded, folder id: 0B7GYRmQ_BOeKYjZrXzRTMUNkZEE
01q99Sv3bO4 success uploaded, folder id: 0B7GYRmQ_BOeKb2hGYnlJWW1wVE0
01QAchqYpL8 success uploaded, folder id: 0B7GYRmQ_BOeKbldUeVRfaEE1N1k
-01r4G8KIRw success uploaded, folder id: 0B7GYRmQ_BOeKM1hXNVlGbUc4SGM
01s5vj9qSF0 success uploaded, folder id: 0B7GYRmQ_BOeKN25uek9RQVpYY1U
01sak0a-JvI success uploaded, folder id: 0B7GYRmQ_BOeKSEQ3VTE0djhId3M
01T6rQVIdss success uploaded, folder id: 0B7GYRmQ_BOeKQnFfdVZJQmdROGc
01tLtWDYEUs success uploaded, folder id: 0B7GYRmQ_BOeKR1Q1V2pQc2dXaGs
01UYS3QTBkc success uploaded, folder id: 0B7GYRmQ_BOeKU2pzX3FZelRTV2c
01V0Y2OdE2U success uploaded, folder id: 0B7GYRmQ_BOeKTEp0NmoyOGxTQjQ
01Vv3T1vHIo success uploaded, folder id: 0B7GYRmQ_BOeKUzVrSWhBRTMyXzg
01WRP25ur6A success uploaded, folder id: 0B7GYRmQ_BOeKQlpXS0lLWlpXQWM
01xoZbPGQiM success uploaded, folder id: 0B7GYRmQ_BOeKSzQyUzdUR2gxcHc
01Xs66QCxPo success uploaded, folder id: 0B7GYRmQ_BOeKOGUzempOUFptQmM
01X_ssH2oV8 success uploaded, folder id: 0B7GYRmQ_BOeKcU15d0JSNmNFTGs
01Y55QMd7hc success uploaded, folder id: 0B7GYRmQ_BOeKemlMeW5kLVM3cnc
01ZdEFb2gtg success uploaded, folder id: 0B7GYRmQ_BOeKRUVLbVhSOXdzTXc
01ZUnjoKteo success uploaded, folder id: 0B7GYRmQ_BOeKcG94YnIydHlVYjQ
01zWy-oGAMc success uploaded, folder id: 0B7GYRmQ_BOeKS051RE1WSUhka3M
023uE8DwWtE success uploaded, folder id: 0B7GYRmQ_BOeKbTVLVUkwS3NTaFE
_0255n0L_2U success uploaded, folder id: 0B7GYRmQ_BOeKYnpON1FCb3BnWnc
02680dQomiw success uploaded, folder id: 0B7GYRmQ_BOeKQnRsXzZaZlVJRW8
028iQMMRboU success uploaded, folder id: 0B7GYRmQ_BOeKTzdrTFdlNHEyclk
0297NDwft1w success uploaded, folder id: 0B7GYRmQ_BOeKZlNvMlB4U1ozSjQ
02ALHKtwUls success uploaded, folder id: 0B7GYRmQ_BOeKaDNETHVFWU15RDA
02BhiiVc5T0 success uploaded, folder id: 0B7GYRmQ_BOeKdHNOT25Wc3dfWWs
_02BKsjS7lo success uploaded, folder id: 0B7GYRmQ_BOeKUzFNTHpjd3JtY1k
02-c1b9ffzI success uploaded, folder id: 0B7GYRmQ_BOeKcTZEVmNmNFFMa1U
02fJyKKVp0g success uploaded, folder id: 0B7GYRmQ_BOeKRTJ2bGRkUjBFNnM
02hOiHvEw5k success uploaded, folder id: 0B7GYRmQ_BOeKVEJmSnllQklSVUk
02jCAb_9PkQ success uploaded, folder id: 0B7GYRmQ_BOeKNnpWNjlhSC1EeWM
02KIjrzz0tg success uploaded, folder id: 0B7GYRmQ_BOeKVWFIOC1TUWpNaFE
02L4Miq7WI0 success uploaded, folder id: 0B7GYRmQ_BOeKVlcteFlYWGxIMEE
02lMCTGbNwA success uploaded, folder id: 0B7GYRmQ_BOeKek9KZW1qYWg4LUE
02ln7tHLbCc success uploaded, folder id: 0B7GYRmQ_BOeKMWFjMUZHdTFXUWc
02oR1c4YV0M success uploaded, folder id: 0B7GYRmQ_BOeKRDhYRkhEZnFTVEk
02OSPtaYbok success uploaded, folder id: 0B7GYRmQ_BOeKQVNCQ1dtOVg1M3M
02qgfWuUjdI success uploaded, folder id: 0B7GYRmQ_BOeKUDFCbHdrNXZEODA
02qnOsWcf-k success uploaded, folder id: 0B7GYRmQ_BOeKSXRFVmdtbmE5UU0
02qXzqSo-vo success uploaded, folder id: 0B7GYRmQ_BOeKV05OdTNjVUhlWjQ
02qZza6XH-0 success uploaded, folder id: 0B7GYRmQ_BOeKUmF5eVo3R0FnMmM
02r5eE7upNY success uploaded, folder id: 0B7GYRmQ_BOeKRVBkMFRGVy1ETUU
02rWs94AaSk success uploaded, folder id: 0B7GYRmQ_BOeKblRSajBzUGF2STA
02tk_sSxTgg success uploaded, folder id: 0B7GYRmQ_BOeKSDlFZ1llVU15Ulk
_02TUs6kLJA success uploaded, folder id: 0B7GYRmQ_BOeKWkJtTW9MbjZOdDg
02Vh6nvYWNo success uploaded, folder id: 0B7GYRmQ_BOeKQmMwRV9CRVpvTjA
0-2VoIpwnlc success uploaded, folder id: 0B7GYRmQ_BOeKa3ZTaFJrNXdydTg
02Wm9x9Oioc success uploaded, folder id: 0B7GYRmQ_BOeKMzRycTV6VjA4bm8
02x46SSzxhM success uploaded, folder id: 0B7GYRmQ_BOeKNkxoMXRPcDVLb1E
02yDXwWLR8U success uploaded, folder id: 0B7GYRmQ_BOeKNVZUTHEwQjlfdXc
02ylZ5LOApo success uploaded, folder id: 0B7GYRmQ_BOeKUlhRNmp5cDFPaVU
02-zu_pcKaE success uploaded, folder id: 0B7GYRmQ_BOeKNkhZQlRiaW1yUjg
030388en31M success uploaded, folder id: 0B7GYRmQ_BOeKY2F0TXZTU0FSUzQ
031AycztzPs success uploaded, folder id: 0B7GYRmQ_BOeKNEJMcHVGWGNybVk
031OY1TJ7Dc success uploaded, folder id: 0B7GYRmQ_BOeKRnJtOWpMbTF4ZDA
033HmiCFb7Q success uploaded, folder id: 0B7GYRmQ_BOeKSjlaalhzNmxqVms
033PlMf_R6U success uploaded, folder id: 0B7GYRmQ_BOeKSlU4b2dpclVhdHc
037OApMqDtw success uploaded, folder id: 0B7GYRmQ_BOeKTzRUb3dfdUxyVmM
037yx5X8Nag success uploaded, folder id: 0B7GYRmQ_BOeKdzkzOHhreFJpM1U
0396StAgqLo success uploaded, folder id: 0B7GYRmQ_BOeKNmtTcXNkTnYtT2c
039Q4ncdCE8 success uploaded, folder id: 0B7GYRmQ_BOeKWkV1bWozY1lLWFE
03a-gCpaKqY success uploaded, folder id: 0B7GYRmQ_BOeKUWZZeWFQdVRucFk
03b08HihCJI success uploaded, folder id: 0B7GYRmQ_BOeKWnJENjBvbkFEVTA
03cIG_0Rqz8 success uploaded, folder id: 0B7GYRmQ_BOeKWXZxdzZUYlBMWjQ
03cy4fJlkao success uploaded, folder id: 0B7GYRmQ_BOeKS2JHREhiVWgyUVk
03dIzopd9CI success uploaded, folder id: 0B7GYRmQ_BOeKSGRxdVYwTHhwbU0
03dmyQyNxVM success uploaded, folder id: 0B7GYRmQ_BOeKOVBFR253QTVFODQ
03dpRGmyMWw success uploaded, folder id: 0B7GYRmQ_BOeKb3EtUVJrN1kxMVU
03-ge__OaIU success uploaded, folder id: 0B7GYRmQ_BOeKUTR4a0xYOEJScHM
03hAiKZDRAk success uploaded, folder id: 0B7GYRmQ_BOeKTlRxeXNuVVJJVTQ
03IpD4QWPgQ success uploaded, folder id: 0B7GYRmQ_BOeKaXMyd2E4Ri10VE0
03IRH5KOMNY success uploaded, folder id: 0B7GYRmQ_BOeKT0JHanc4ZE9nVEE
-03Jr82tUUk success uploaded, folder id: 0B7GYRmQ_BOeKOHZLRm1MaU1wMzQ
0_3KcNW-Tis success uploaded, folder id: 0B7GYRmQ_BOeKbkFySFdlTnpSR2s
03Lr9MgYb44 success uploaded, folder id: 0B7GYRmQ_BOeKcWQtVGdRa0JFRVE
03LU8rNFTwo success uploaded, folder id: 0B7GYRmQ_BOeKZFZpV2V4MTE5Tms
03NDVdgjyYg success uploaded, folder id: 0B7GYRmQ_BOeKRk1xZ1Ayc3pXaVk
03QGpqJQ6HQ success uploaded, folder id: 0B7GYRmQ_BOeKMjRHclo4TEVCQlk
03qHnV8BpBM success uploaded, folder id: 0B7GYRmQ_BOeKMktDRXlMR2RZb1k
03QqTbRYyUk success uploaded, folder id: 0B7GYRmQ_BOeKOC1HVmdqN3lpODQ
03QSCUogV4Q success uploaded, folder id: 0B7GYRmQ_BOeKTDRQcFM0YkExblU
03RgLsA5P4M success uploaded, folder id: 0B7GYRmQ_BOeKb1kxSUhjZVl3UU0
03rugqvaZZ0 success uploaded, folder id: 0B7GYRmQ_BOeKdlhwTzRQZVhJZ3c
03TRUWbgPh0 success uploaded, folder id: 0B7GYRmQ_BOeKQjVvS09yR0hzY0k
0_3t--ZQrNM success uploaded, folder id: 0B7GYRmQ_BOeKZmtlV1FHcEViZnM
03UbXAHfRM0 success uploaded, folder id: 0B7GYRmQ_BOeKTWZwTVEyNWRveUU
03ukWice6cw success uploaded, folder id: 0B7GYRmQ_BOeKdE5CbmNZX2gzQWs
03VaHtRhcYs success uploaded, folder id: 0B7GYRmQ_BOeKcnZFb0lMdlFpLWs
03vflkNtqUA success uploaded, folder id: 0B7GYRmQ_BOeKTGJKQ1JzYjlTRUU
03vfMSmjM5E success uploaded, folder id: 0B7GYRmQ_BOeKYVowdW5pakV5OTQ
03vWngbKHwI success uploaded, folder id: 0B7GYRmQ_BOeKek5URzNTb2dGZ0U
03wbt6zBCxo success uploaded, folder id: 0B7GYRmQ_BOeKZ2laeVd5dlhEZ1k
03WXKb422w0 success uploaded, folder id: 0B7GYRmQ_BOeKOGFGZVJsSUJDTVE
03xyayUlUJ4 success uploaded, folder id: 0B7GYRmQ_BOeKVU15LXVFOWotT28
03YKDX1hN74 success uploaded, folder id: 0B7GYRmQ_BOeKN2pNVjRWV3BVSlU
03YKT7ytJdE success uploaded, folder id: 0B7GYRmQ_BOeKOUhERlYyLTBCdG8
03zfz0DuKfw success uploaded, folder id: 0B7GYRmQ_BOeKSmxYekN6cElvVkk
040GpKuRuJE success uploaded, folder id: 0B7GYRmQ_BOeKcTE3T0dlamhaWms
041PQcR9POM success uploaded, folder id: 0B7GYRmQ_BOeKZi1mdTJtTG1aSnc
044oJU6QXdg success uploaded, folder id: 0B7GYRmQ_BOeKQlhSNzZTYjFMQVU
045IqI1vSQo success uploaded, folder id: 0B7GYRmQ_BOeKSS10Nmt1NkFMMDQ
04_7mxom6QE success uploaded, folder id: 0B7GYRmQ_BOeKc0dkMGlSSkJJVk0
04854XqcfCY success uploaded, folder id: 0B7GYRmQ_BOeKYm9lZWwyaTZxUVU
048W3PqENww success uploaded, folder id: 0B7GYRmQ_BOeKRDljdUtpbHhEbU0
_049gg_hKZ0 success uploaded, folder id: 0B7GYRmQ_BOeKeHQ5T2RZN0phSEE
04a7Mv_eWdY success uploaded, folder id: 0B7GYRmQ_BOeKNUp3Qm1QN09hT00
04aiKpOHso4 success uploaded, folder id: 0B7GYRmQ_BOeKa3JtZ3BiTzhmeHM
04ak7VZynG4 success uploaded, folder id: 0B7GYRmQ_BOeKLXVKTnRYek02RFE
04bmGa9dRMc success uploaded, folder id: 0B7GYRmQ_BOeKNDI1LVBZeGs2WVU
04bmvwD6AcQ success uploaded, folder id: 0B7GYRmQ_BOeKWm5yQS1GTVRKc00
04cpQs5K-Nc success uploaded, folder id: 0B7GYRmQ_BOeKSEpQbzNTc2pULUU
04DbWK5E970 success uploaded, folder id: 0B7GYRmQ_BOeKOWRpNTlLTXMybEE
04eWhzm5Hg4 success uploaded, folder id: 0B7GYRmQ_BOeKRkNpeWxXZXRqSVE
04f14yPz-H8 success uploaded, folder id: 0B7GYRmQ_BOeKMEo2SElBWnhWTUk
04fhyJ7IZFk success uploaded, folder id: 0B7GYRmQ_BOeKbFV5VjRJMkFsdnM
04FrSPqCRMw success uploaded, folder id: 0B7GYRmQ_BOeKV1NoakxWdU1QTHM
04FWplh-67s success uploaded, folder id: 0B7GYRmQ_BOeKUTRUTUNCcWx6bzA
04GSBY0w_fM success uploaded, folder id: 0B7GYRmQ_BOeKVmhUdGc3NHlRRlU
04hllvubifk success uploaded, folder id: 0B7GYRmQ_BOeKVmNHaVFvTmVkUGM
04iURUOB11A success uploaded, folder id: 0B7GYRmQ_BOeKdDlEVmZ3aTh2ajg
04j7_-z09vA success uploaded, folder id: 0B7GYRmQ_BOeKVlc0d3Rub0RzWlE
04JhQhQu3jE success uploaded, folder id: 0B7GYRmQ_BOeKcWtqbzlYU3ZycjQ
04jzrnEwEvs success uploaded, folder id: 0B7GYRmQ_BOeKdTFVc2YtVHltZTg
04-KjlIVAzA success uploaded, folder id: 0B7GYRmQ_BOeKNjBMelpHRDlpdG8
04lFXbjO11c success uploaded, folder id: 0B7GYRmQ_BOeKOGtaNnRaNzNPX28
04mcodXWZF4 success uploaded, folder id: 0B7GYRmQ_BOeKTkNWdGZ5SWh0NHM
04MNgPIMf_E success uploaded, folder id: 0B7GYRmQ_BOeKa21OT0dQeVJYbDQ
04MwivkK9O0 success uploaded, folder id: 0B7GYRmQ_BOeKZURxMm91cGQ3Y2c
04nNBQhfEm4 success uploaded, folder id: 0B7GYRmQ_BOeKSllZWmVfM0ZkWk0
04o-a8YGjzk success uploaded, folder id: 0B7GYRmQ_BOeKU2N3dHpVUDlEc1U
04o_eMxE4Y0 success uploaded, folder id: 0B7GYRmQ_BOeKQXdmU1FvbXRjbzQ
04Ok0piOE2A success uploaded, folder id: 0B7GYRmQ_BOeKbDk1NEs4NjNPTkE
04oxgNWFHng success uploaded, folder id: 0B7GYRmQ_BOeKcW1Dbm1BU3hRcEk
04q3lXLV-Pc success uploaded, folder id: 0B7GYRmQ_BOeKeC13NWNCaE5wTzQ
04q6tSNO4nQ success uploaded, folder id: 0B7GYRmQ_BOeKanF2T2dtRUo5cEU
-0-4qFRBjGI success uploaded, folder id: 0B7GYRmQ_BOeKekdNdktjcS11Tk0
04QPPZb9iJY success uploaded, folder id: 0B7GYRmQ_BOeKU1pRT1FVblNOcVU
04RCJp5YNp8 success uploaded, folder id: 0B7GYRmQ_BOeKa2o4c3hmS21PbFE
04S6HOqBIrs success uploaded, folder id: 0B7GYRmQ_BOeKWmhfTGJEb0hIYW8
04sDGPid8Gw success uploaded, folder id: 0B7GYRmQ_BOeKMnV6Q3pDNkV4cUE
04t1PuPchc4 success uploaded, folder id: 0B7GYRmQ_BOeKbjEwZlJNd2l2Y0E
04tMsuRi6aY success uploaded, folder id: 0B7GYRmQ_BOeKQXFsT2NwNlJ6Q0k
04vfVviV004 success uploaded, folder id: 0B7GYRmQ_BOeKcXJyUkJNaW8zbXc
04V-s_0-SBk success uploaded, folder id: 0B7GYRmQ_BOeKb2lEcnBWNTh1ZFk
04vT15rQkpk success uploaded, folder id: 0B7GYRmQ_BOeKeUY2RXF4aU9kcE0
04W6A6HCm8g success uploaded, folder id: 0B7GYRmQ_BOeKaWFya2JuZlJoRmc
04w9GI5UjVQ success uploaded, folder id: 0B7GYRmQ_BOeKRFlMQ0c1ZVhLZGc
0-4Wx5qRDKk success uploaded, folder id: 0B7GYRmQ_BOeKV0xlVzBDZ1lhVHM
04wyGK6k6HE success uploaded, folder id: 0B7GYRmQ_BOeKdGpPYXlLV2hMLXM
04x574KuyQc success uploaded, folder id: 0B7GYRmQ_BOeKdUZJczBRWFNpQnM
04y98-hObSM success uploaded, folder id: 0B7GYRmQ_BOeKRDdJQk5KYWlaelE
04ZeylxbmtA success uploaded, folder id: 0B7GYRmQ_BOeKTVFBY3hNTTNTSEU
04Zg314VvbY success uploaded, folder id: 0B7GYRmQ_BOeKS0s3dEdDVmdORmM
0512oiGdNOY success uploaded, folder id: 0B7GYRmQ_BOeKNXFHYXhCRl9ScWc
051ddIvQ2hI success uploaded, folder id: 0B7GYRmQ_BOeKYlhwRGxTdFF0VzA
052DosGtJLs success uploaded, folder id: 0B7GYRmQ_BOeKb2c0dWtFNW5ZeGs
_0596IF-8s4 success uploaded, folder id: 0B7GYRmQ_BOeKeEMtaUczQTRjTmM
059glCiiwfg success uploaded, folder id: 0B7GYRmQ_BOeKSEt4UGQ2OUZJSE0
059_PSt50cY success uploaded, folder id: 0B7GYRmQ_BOeKZUY4SXdTanBJY2s
059Rppxy0qo success uploaded, folder id: 0B7GYRmQ_BOeKOURaMVpJbi0yTVU
059Y6jZ92ak success uploaded, folder id: 0B7GYRmQ_BOeKX3JBRjVjTDREckk
059Z3oApqy4 success uploaded, folder id: 0B7GYRmQ_BOeKVG9xSzh6RlpUV28
05B6dMI6lvU success uploaded, folder id: 0B7GYRmQ_BOeKdVNmaDVtSGRMd0E
05b7okScUls success uploaded, folder id: 0B7GYRmQ_BOeKQTRzMXoxU3lZYUU
05BdVXmmpYg success uploaded, folder id: 0B7GYRmQ_BOeKTHgzOWJfbDQ3aDg
05_BNnSfu0o success uploaded, folder id: 0B7GYRmQ_BOeKNV9vaFVlbjhaQ1k
05buJA73X80 success uploaded, folder id: 0B7GYRmQ_BOeKSXZFQmMwTm9UdUE
05CKAdIgwMo success uploaded, folder id: 0B7GYRmQ_BOeKeUxsaklCT3RhQWc
05cYhtXIYh0 success uploaded, folder id: 0B7GYRmQ_BOeKeVo4Sm85X3QtQWs
05dcEb0Mpl4 success uploaded, folder id: 0B7GYRmQ_BOeKdnBoZTZwalVxLW8
05ehvlC8Hng success uploaded, folder id: 0B7GYRmQ_BOeKRGRBWTZmMEdCUTg
05EkJN-Te3E success uploaded, folder id: 0B7GYRmQ_BOeKV2dnRU51RmNiQ28
05f6ZaWmr8Q success uploaded, folder id: 0B7GYRmQ_BOeKNU0wdEtELTFIMXc
05F8WDwFkIY success uploaded, folder id: 0B7GYRmQ_BOeKR3hiNFpQRFI0Z28
05ffYFqeeo8 success uploaded, folder id: 0B7GYRmQ_BOeKZjBhT3NuMU9XRHc
05FiZEjYB2A success uploaded, folder id: 0B7GYRmQ_BOeKelBNMWFaeVhsVWs
05gtlXLxpbg success uploaded, folder id: 0B7GYRmQ_BOeKdUN2N3dJc2gzcVU
_05i3J8sWJE success uploaded, folder id: 0B7GYRmQ_BOeKMW5adjBLa1JvbVk
05i9C5lhorY success uploaded, folder id: 0B7GYRmQ_BOeKTWQwQnZ4TGVNcTA
05_J_ZCYWEw success uploaded, folder id: 0B7GYRmQ_BOeKbjUwbnBjMHdQeVk
05K5GaeDdJg success uploaded, folder id: 0B7GYRmQ_BOeKdUlSU2hqelhwVWM
05KDyWMsTD4 success uploaded, folder id: 0B7GYRmQ_BOeKNWh2TEFBaFdRbVU
05LpFKEGQyE success uploaded, folder id: 0B7GYRmQ_BOeKLUtrQmZqOHVtYTg
05LQW8n3h60 success uploaded, folder id: 0B7GYRmQ_BOeKUGktaU9ManRkV2M
05lSnLGqZro success uploaded, folder id: 0B7GYRmQ_BOeKdXRiR291OWRqd3M
05n8S2p5XU4 success uploaded, folder id: 0B7GYRmQ_BOeKM1l6RlVnUTlvZVk
_05O0yGGzHQ success uploaded, folder id: 0B7GYRmQ_BOeKek1ESDlMZ3BXRUk
05OjEnq884Y success uploaded, folder id: 0B7GYRmQ_BOeKdVdZcnA1d2xwREk
05oOst9kZXQ success uploaded, folder id: 0B7GYRmQ_BOeKMDFLWjNiQkxFRFU
05OzTai1XmE success uploaded, folder id: 0B7GYRmQ_BOeKTk1lZWxSTVpwQW8
05p646nlYS0 success uploaded, folder id: 0B7GYRmQ_BOeKTWxaZEhZSUdoeEU
05pfkKzS5qQ success uploaded, folder id: 0B7GYRmQ_BOeKR1RvQ3p5alJDa2s
05pJRk-n5xE success uploaded, folder id: 0B7GYRmQ_BOeKSUQ4YVdLNTNKeDA
05PpTqtGhGU success uploaded, folder id: 0B7GYRmQ_BOeKdUUwaU42ZWk3MWM
05qOQXeBu8s success uploaded, folder id: 0B7GYRmQ_BOeKVGkxcXVIRHJ6b0E
05QqQu4i8rg success uploaded, folder id: 0B7GYRmQ_BOeKZUNYU0toTTQ1Ykk
05rEefXlmhI success uploaded, folder id: 0B7GYRmQ_BOeKZ29ScmJGUGd4c1E
05rVWHtTevs success uploaded, folder id: 0B7GYRmQ_BOeKc2FEbWx1RUJIaUE
05T6BBip2_U success uploaded, folder id: 0B7GYRmQ_BOeKT0EyQWVJRTlkLTQ
05thzGNYL6w success uploaded, folder id: 0B7GYRmQ_BOeKWFlsNDY1WUpEUEk
05wfRmBUgI8 success uploaded, folder id: 0B7GYRmQ_BOeKemh0Q3MtOHJNWmM
05WgurzejZk success uploaded, folder id: 0B7GYRmQ_BOeKbi1tSl9ST2Jsdkk
05WufbZmu1I success uploaded, folder id: 0B7GYRmQ_BOeKd1k4X01LLUVtS3M
05WxgTdadDc success uploaded, folder id: 0B7GYRmQ_BOeKSk9WZnllZmpCRTg
05XBEM91Whg success uploaded, folder id: 0B7GYRmQ_BOeKdVF6V3Y5SjI0TDA
05xdq6W9kRs success uploaded, folder id: 0B7GYRmQ_BOeKNlRXX0NQdENqRUU
05xZ7brbWkU success uploaded, folder id: 0B7GYRmQ_BOeKYlcyQ00zLW53SGc
05YgqC9ScYc success uploaded, folder id: 0B7GYRmQ_BOeKU1hfZDJwOFdIaUE
05YQQtu_JEk success uploaded, folder id: 0B7GYRmQ_BOeKaEJ1WnRpSkQ4WWs
05YTS-sYcOs success uploaded, folder id: 0B7GYRmQ_BOeKSmlUd0RibDJ6cmc
05Z79eROSkg success uploaded, folder id: 0B7GYRmQ_BOeKaFN0VWJfRVUydG8
05zF0sBwHe8 success uploaded, folder id: 0B7GYRmQ_BOeKa1JpNXJCdTB4dDg
05ZLW6_zBmw success uploaded, folder id: 0B7GYRmQ_BOeKZm9pWHJvUjIwZUk
0_5ZqpjnjtA success uploaded, folder id: 0B7GYRmQ_BOeKcHhma2cxbk1VR1E
060UQzOeugI success uploaded, folder id: 0B7GYRmQ_BOeKVjZNRlZqZUhBZzA
061MEUdoo2I success uploaded, folder id: 0B7GYRmQ_BOeKUTZLbU9WVzZyaGM
061N3XQpEX8 success uploaded, folder id: 0B7GYRmQ_BOeKTHkwZEhEaTNsZDA
061qCYlPpek success uploaded, folder id: 0B7GYRmQ_BOeKT2lSeGJ5b0JLV0U
0640Xcwmbr8 success uploaded, folder id: 0B7GYRmQ_BOeKbnZVZS1FRG1YMTQ
064ipuBiWDg success uploaded, folder id: 0B7GYRmQ_BOeKcGhHTmVwUEUwRkE
069y1MpOkQY success uploaded, folder id: 0B7GYRmQ_BOeKQ2RSdTRCQTNFNGs
06A0dcsWYXc success uploaded, folder id: 0B7GYRmQ_BOeKWTczcmZUSmVsdGM
06a3v8dfIJw success uploaded, folder id: 0B7GYRmQ_BOeKdlpOVGgtWG1jb1E
06abRWA_8Yw success uploaded, folder id: 0B7GYRmQ_BOeKd2VMQWNFZjc3Rms
06AdnFBkkcA success uploaded, folder id: 0B7GYRmQ_BOeKcXlXWUFVLXpvZWM
06_bazdzs_M success uploaded, folder id: 0B7GYRmQ_BOeKTXNHVVBSQ0Y1OXc
06bcsMx-7QQ success uploaded, folder id: 0B7GYRmQ_BOeKaHRMVFpHVVZselU
06btgjAV3Hk success uploaded, folder id: 0B7GYRmQ_BOeKN21ObXI0YnBZeEE
06d4t1704N8 success uploaded, folder id: 0B7GYRmQ_BOeKNHpmcG5xTzd0bzA
06d8SwcSm_Q success uploaded, folder id: 0B7GYRmQ_BOeKM1hZYW9LMDVsdlU
06DNZiJD0C8 success uploaded, folder id: 0B7GYRmQ_BOeKRzlmeTdqTXItaWc
06EqaI6jsi8 success uploaded, folder id: 0B7GYRmQ_BOeKRVo5Si11bHEtRWc
06FE603xDJU success uploaded, folder id: 0B7GYRmQ_BOeKUWhxZU8xcUZMWk0
06Fw1kG0Uvg success uploaded, folder id: 0B7GYRmQ_BOeKbHhWTlNmZklqTW8
06H_6oI4EK4 success uploaded, folder id: 0B7GYRmQ_BOeKX0dIQkRGZEVSdTA
06h6sFr9Wug success uploaded, folder id: 0B7GYRmQ_BOeKZm5GOTNsVEs0eWM
06h9TWKdLHM success uploaded, folder id: 0B7GYRmQ_BOeKMVRFMXNsN19NcWc
06h-BeyYG8I success uploaded, folder id: 0B7GYRmQ_BOeKTV9KMlRTWnVMelk
06Hk3fsvbZM success uploaded, folder id: 0B7GYRmQ_BOeKellfYW50N281eUk
06HNLFd0Q_4 success uploaded, folder id: 0B7GYRmQ_BOeKWWFORE9VMF9JV2M
06I5jXdE_HI success uploaded, folder id: 0B7GYRmQ_BOeKZnJDMlBmei1TR2M
06iFoHNQs1s success uploaded, folder id: 0B7GYRmQ_BOeKMGt2bVhDVzg4T00
06_JbOqGruU success uploaded, folder id: 0B7GYRmQ_BOeKa1BEanU4bzRGRE0
06jfogeIXbQ success uploaded, folder id: 0B7GYRmQ_BOeKbFNvclVHOGhxY2c
06J-W8IAQfE success uploaded, folder id: 0B7GYRmQ_BOeKNHNqbWhfMW5WYmc
06KCKkMevkE success uploaded, folder id: 0B7GYRmQ_BOeKbXlVTE5raXN2Nnc
06-kj0kvvck success uploaded, folder id: 0B7GYRmQ_BOeKYkRVRXBMQWtIZkU
06MOFOlaRPk success uploaded, folder id: 0B7GYRmQ_BOeKTjlYeEF3LW5yeDQ
06MS_h8Qmdo success uploaded, folder id: 0B7GYRmQ_BOeKVXlpV0E5YmJSNEk
06NcA_opyz4 success uploaded, folder id: 0B7GYRmQ_BOeKM3ZLRjRKbUlJNkk
06O5rejU3ZU success uploaded, folder id: 0B7GYRmQ_BOeKcnR3SW50RHV1UjA
06O-9Ga9UDE success uploaded, folder id: 0B7GYRmQ_BOeKRnJ1OGM3Q1YzUGc
06olHmcJjS0 success uploaded, folder id: 0B7GYRmQ_BOeKaERfcnFVNHM5RWs
06qyKlqr6Uk success uploaded, folder id: 0B7GYRmQ_BOeKYlRmbnlfdGZ1S28
06S37wS5xAg success uploaded, folder id: 0B7GYRmQ_BOeKeFAtNjFpcEk2a1E
06s5SI_ngus success uploaded, folder id: 0B7GYRmQ_BOeKREYxRUFVNVoyeHc
06SW0pO-C88 success uploaded, folder id: 0B7GYRmQ_BOeKT1IxdHRyc2ZBejQ
06VPwUpQDNI success uploaded, folder id: 0B7GYRmQ_BOeKU242U3F4VERVeFE
06vyMRBv2zA success uploaded, folder id: 0B7GYRmQ_BOeKNW5CTklJU2oyZEk
06xFhUHFnx8 success uploaded, folder id: 0B7GYRmQ_BOeKLVNhUl9kVzNWOW8
06yJplPU2_c success uploaded, folder id: 0B7GYRmQ_BOeKUHY5U2oyS1hXd28
06ykUX_72SA success uploaded, folder id: 0B7GYRmQ_BOeKYlFBYU4xWFpuOGs
06YONJGEvxY success uploaded, folder id: 0B7GYRmQ_BOeKMVZmWXVQcGRyUUE
06ZDwWCPjFQ success uploaded, folder id: 0B7GYRmQ_BOeKcjQzdVVPQU1ZRjQ
06ZsNvJDGAY success uploaded, folder id: 0B7GYRmQ_BOeKdUZia3hQbWdBTGc
07-1vJmttAA success uploaded, folder id: 0B7GYRmQ_BOeKa24wUFdjTmJHZFk
_074G_bk5sY success uploaded, folder id: 0B7GYRmQ_BOeKMXRrM2hNVXFzeGM
077EtfcPyHo success uploaded, folder id: 0B7GYRmQ_BOeKOWdBQjJaSEJYcUk
077felyhQLs success uploaded, folder id: 0B7GYRmQ_BOeKSEdIeUpQa2Z5MkU
078SBowWY4Y success uploaded, folder id: 0B7GYRmQ_BOeKamhLOHdkMGRERkE
078XSj1zKCs success uploaded, folder id: 0B7GYRmQ_BOeKb0dvTDJIRXU4Vmc
07a6in1SesA success uploaded, folder id: 0B7GYRmQ_BOeKQWhaZ1BXMHNJd28
07Abat5iBbw success uploaded, folder id: 0B7GYRmQ_BOeKMmFubE51Xzg1dFE
07BNx51RA60 success uploaded, folder id: 0B7GYRmQ_BOeKSm0xVUtsX2FqbW8
07bO7Td5wtI success uploaded, folder id: 0B7GYRmQ_BOeKcmF6QU00TnFwM2M
07C7LUh224c success uploaded, folder id: 0B7GYRmQ_BOeKOFBsazV6UWJDREk
07croou27Zw success uploaded, folder id: 0B7GYRmQ_BOeKRmZhLVhRalRNaFE
0_7F3Gb7axg success uploaded, folder id: 0B7GYRmQ_BOeKaXROS0xHaDYtZlk
07fhOVQ9wEA success uploaded, folder id: 0B7GYRmQ_BOeKYU9YaVVYdUU1ZTA
07F-rOxBe5U success uploaded, folder id: 0B7GYRmQ_BOeKSVFsczgyZndLSE0
07gCEduNwts success uploaded, folder id: 0B7GYRmQ_BOeKZUw2bmpzNXlFUnc
07hU30YrXBg success uploaded, folder id: 0B7GYRmQ_BOeKZFZEcXNDaUhNeXc
07hYzpX7UeI success uploaded, folder id: 0B7GYRmQ_BOeKbFU4aDM4cHdnU1E
07isJX3XTBQ success uploaded, folder id: 0B7GYRmQ_BOeKV2dYTXRQc3h1VEE
07-J5hGa43Y success uploaded, folder id: 0B7GYRmQ_BOeKcVUxdXBlTmdlYkE
07JXJ0uQ1Gs success uploaded, folder id: 0B7GYRmQ_BOeKb04yMU9FTC1aMk0
07KLWnOKWmI success uploaded, folder id: 0B7GYRmQ_BOeKTmcyX0pqMXltU2s
07LFBydGjaM success uploaded, folder id: 0B7GYRmQ_BOeKQzdCbEJNSjY0Sms
07lHLn3-fAk success uploaded, folder id: 0B7GYRmQ_BOeKYmYwWENKZXdkSDQ
07lHYWEGJXI success uploaded, folder id: 0B7GYRmQ_BOeKZ281X2ZqbWZMOXc
07McCuMjF4U success uploaded, folder id: 0B7GYRmQ_BOeKV2s4MjRkcWVycG8
07mIA1GOV7I success uploaded, folder id: 0B7GYRmQ_BOeKRG5hWGFJZnpUN2s
07mkQJ3Fecg success uploaded, folder id: 0B7GYRmQ_BOeKeGNySjhkUWFfRzQ
07mydYW0CLc success uploaded, folder id: 0B7GYRmQ_BOeKaU10WE0tTUlnbGM
07oW8O_9Mw0 success uploaded, folder id: 0B7GYRmQ_BOeKTFZEdW1aTFFMZzQ
07P3k-h3mJk success uploaded, folder id: 0B7GYRmQ_BOeKN0NNT3c4aUdLQ0k
07-peTQJBTs success uploaded, folder id: 0B7GYRmQ_BOeKZnFqMWRQdWRoOHc
07pUUb6q3es success uploaded, folder id: 0B7GYRmQ_BOeKenBWSXRKQTBCQ1U
07PYCbcMgio success uploaded, folder id: 0B7GYRmQ_BOeKU1E0WFlFZmFHTTg
07qn3QeIXmM success uploaded, folder id: 0B7GYRmQ_BOeKZEVoN281TDNuUlE
07R8SXxbAAU success uploaded, folder id: 0B7GYRmQ_BOeKUWZzTW5neXkxZTg
07rR6lymGcU success uploaded, folder id: 0B7GYRmQ_BOeKWkJXdkQwWEoxbEU
07rtl-zcQhg success uploaded, folder id: 0B7GYRmQ_BOeKMkNKNVJac2dOcXM
07s-cNFffDM success uploaded, folder id: 0B7GYRmQ_BOeKdkZ2QXNpRThxMkE
07SNa7IBBVw success uploaded, folder id: 0B7GYRmQ_BOeKWEwwTnVqajhrNjA
07Sx-hxbv9s success uploaded, folder id: 0B7GYRmQ_BOeKMHFkZ2JDUWptcGs
07syfw2fnzM success uploaded, folder id: 0B7GYRmQ_BOeKWWtXSnI3aVM1LTA
07tpPG0vSdY success uploaded, folder id: 0B7GYRmQ_BOeKRVVDeWk5YVYtdXc
07tT8acLlp0 success uploaded, folder id: 0B7GYRmQ_BOeKSTJhVHUtX0I2OTg
07VLKJ3Df6s success uploaded, folder id: 0B7GYRmQ_BOeKRmJWVkNabEN5blk
07whqT46fYs success uploaded, folder id: 0B7GYRmQ_BOeKX0cxYjNRWVdhaFE
07wqao1L0xA success uploaded, folder id: 0B7GYRmQ_BOeKWWhTbmFvZ1pLWlU
07yeBNwQHOg success uploaded, folder id: 0B7GYRmQ_BOeKWm52VUp2Z3Vrejg
07yeNsLOKGY success uploaded, folder id: 0B7GYRmQ_BOeKc3VSalI1QXloMjg
07yFQX9jJLM success uploaded, folder id: 0B7GYRmQ_BOeKS0prbk8tZXdvS2c
07yjiQfALKU success uploaded, folder id: 0B7GYRmQ_BOeKRFdyVkd4UHdxbVk
07Yjm0DI3LM success uploaded, folder id: 0B7GYRmQ_BOeKNWozRW9aNERMZ28
07yOaCwQAkU success uploaded, folder id: 0B7GYRmQ_BOeKM0lEMFNsU3ZxSTA
085RECRUWYQ success uploaded, folder id: 0B7GYRmQ_BOeKRlNqa1o3Q0RRWXM
086TZMdL_hA success uploaded, folder id: 0B7GYRmQ_BOeKQmtLRmc3UUtLS00
08a5wuy9SuA success uploaded, folder id: 0B7GYRmQ_BOeKTjB5anRGcjYxelU
0-8aAh9abcI success uploaded, folder id: 0B7GYRmQ_BOeKUFRfbzdiTExqVlU
08AhNIPp3Do success uploaded, folder id: 0B7GYRmQ_BOeKTllEbnZrRzF1M1U
08aNOxrShgI success uploaded, folder id: 0B7GYRmQ_BOeKT1duVkc2SEV6T3c
08cd3VqLeH4 success uploaded, folder id: 0B7GYRmQ_BOeKQlh3NkRJYm9wc3M
08dhTL1DgFU success uploaded, folder id: 0B7GYRmQ_BOeKN1hmNUJweFpHbUU
08FLW5mgUNw success uploaded, folder id: 0B7GYRmQ_BOeKVTA1ejU2NmlULU0
08GKbg0ub70 success uploaded, folder id: 0B7GYRmQ_BOeKUzNzM2dCYmh6X1U
08gWZvWL-u4 success uploaded, folder id: 0B7GYRmQ_BOeKZUlDQWRfQ1MtUVk
08hA5OIfWyw success uploaded, folder id: 0B7GYRmQ_BOeKNzZnWkhGZVhUbWM
08HB5M1RPyY success uploaded, folder id: 0B7GYRmQ_BOeKMmRXOFRjcDROZkU
08HpqdWlL3g success uploaded, folder id: 0B7GYRmQ_BOeKN3VTMkFib1Qxb0k
_08iq6JhgMk success uploaded, folder id: 0B7GYRmQ_BOeKbURHYUwwZHlaMDg
08iy_MPsaqk success uploaded, folder id: 0B7GYRmQ_BOeKTkk2MTIxVXFoUU0
08iY-PwEFTk success uploaded, folder id: 0B7GYRmQ_BOeKQlN0c1pRWTk1T0E
08jPTnYbh7E success uploaded, folder id: 0B7GYRmQ_BOeKZUNGMUJyWlVqZzA
08kE-i3M3Hs success uploaded, folder id: 0B7GYRmQ_BOeKTGlOMjBPMFVhYXM
08kiLLHxkmE success uploaded, folder id: 0B7GYRmQ_BOeKN1VTazJOUXc4RnM
08LTTzvO_kA success uploaded, folder id: 0B7GYRmQ_BOeKQlZleThuRkpXUU0
08lzMj66lZY success uploaded, folder id: 0B7GYRmQ_BOeKYWVLbGhhY2I2SVk
08M7PNLaMt8 success uploaded, folder id: 0B7GYRmQ_BOeKVzJtNHd3ZEZEUDQ
08mwIeQX3jI success uploaded, folder id: 0B7GYRmQ_BOeKNVhtem1QclJMaEk
08nfW2Ji5-4 success uploaded, folder id: 0B7GYRmQ_BOeKZkMyQTVqNVoxOTQ
08nkKJSNFA8 success uploaded, folder id: 0B7GYRmQ_BOeKY0Ffenk4XzZVUkE
08PslvSRvOY success uploaded, folder id: 0B7GYRmQ_BOeKZ3UxOURwUlJHT2s
08rgPSg0CO4 success uploaded, folder id: 0B7GYRmQ_BOeKNVB0RnM2MFdpQ3M
08Rk48V9-UE success uploaded, folder id: 0B7GYRmQ_BOeKQXJ1RGVvcHFfUHM
08rMlpvUP3w success uploaded, folder id: 0B7GYRmQ_BOeKeGtxWDhMWTNYQXc
08Ruo4nTsuU success uploaded, folder id: 0B7GYRmQ_BOeKbktZOXJ2ejQ1VTQ
08S4i0OA08w success uploaded, folder id: 0B7GYRmQ_BOeKeTVWUEhXLWpQOTg
08sbvWnLpCw success uploaded, folder id: 0B7GYRmQ_BOeKdFJtM3BRQnZkUG8
08sDlxhNEHQ success uploaded, folder id: 0B7GYRmQ_BOeKaW5BZkExTTJEcjQ
08Tcq8kC1Y4 success uploaded, folder id: 0B7GYRmQ_BOeKaU1FWnVZQzlpd1k
08TlNnrCn8k success uploaded, folder id: 0B7GYRmQ_BOeKdG8taUJYdjR4X1E
08Vap30kGP0 success uploaded, folder id: 0B7GYRmQ_BOeKbkZuX296WENLbjQ
08WG8ZVoUt4 success uploaded, folder id: 0B7GYRmQ_BOeKQ1dfbVFaRnhwdGM
08WzlTo2how success uploaded, folder id: 0B7GYRmQ_BOeKbkxuY0JHZGxpUXc
08XONOiN0XE success uploaded, folder id: 0B7GYRmQ_BOeKY1hMbUY1WElyaVE
08xZJtRc8_g success uploaded, folder id: 0B7GYRmQ_BOeKMkN2T0Z2ZHdfZnM
08yoBapDjMw success uploaded, folder id: 0B7GYRmQ_BOeKcC1fYTUzeERKWFU
08YrvyT5HHs success uploaded, folder id: 0B7GYRmQ_BOeKRW4tbDAwcGZhc0k
-08YZF87OBQ success uploaded, folder id: 0B7GYRmQ_BOeKLXBFSzUxUC12SFE
09_-0xXHg14 success uploaded, folder id: 0B7GYRmQ_BOeKSTFoSnJHM2JjM1k
091cAFFqGKo success uploaded, folder id: 0B7GYRmQ_BOeKY1RxVHFOdHZLREE
091ezcY-mkU success uploaded, folder id: 0B7GYRmQ_BOeKYU1MckJReU1fNjg
0935GtDGMEE success uploaded, folder id: 0B7GYRmQ_BOeKckVlRFJqX0VFb1k
095Jdku7wo8 success uploaded, folder id: 0B7GYRmQ_BOeKVHZGdjBEU0lzQjg
097uHl_RXKk success uploaded, folder id: 0B7GYRmQ_BOeKYnR2YWNERnhyNFk
098EcLEz0D0 success uploaded, folder id: 0B7GYRmQ_BOeKMjVwdjhIWmRQckE
09b4zYx1CfE success uploaded, folder id: 0B7GYRmQ_BOeKQ1pIeXl2YUt3MlU
09DD2LuHRmg success uploaded, folder id: 0B7GYRmQ_BOeKSDZrNW5LS2RBTmM
-09dRyIG9bU success uploaded, folder id: 0B7GYRmQ_BOeKRm1yWjR2a3lrbDg
09-DweZa7a8 success uploaded, folder id: 0B7GYRmQ_BOeKUzJMMFlVdjZxMnM
09elCxh9KtQ success uploaded, folder id: 0B7GYRmQ_BOeKcWtGWWJfcEE2WGM
09-f4qZvXdo success uploaded, folder id: 0B7GYRmQ_BOeKVnpqYjd1a21SbWs
09fwWYWxMqw success uploaded, folder id: 0B7GYRmQ_BOeKZ09uWFh4U1NuYVk
09h2q9SlWXM success uploaded, folder id: 0B7GYRmQ_BOeKOGR4ZG1fcUxOMTQ
09H3uJc9fI8 success uploaded, folder id: 0B7GYRmQ_BOeKZmNvRmpWVmhfenM
09HHPlFLIIw success uploaded, folder id: 0B7GYRmQ_BOeKbW1tVDA5ZlpEaE0
09I4sK3Ux-E success uploaded, folder id: 0B7GYRmQ_BOeKeXlvdHpzQmlURUk
09JgDiDHz1A success uploaded, folder id: 0B7GYRmQ_BOeKRW1zVTdqaTlFUTA
09k5icV4ULg success uploaded, folder id: 0B7GYRmQ_BOeKaWkwRndHZkdkbmc
09kL8tAUwDg success uploaded, folder id: 0B7GYRmQ_BOeKb1N5Tm5veERaN0E
09kXTL2IcVA success uploaded, folder id: 0B7GYRmQ_BOeKQzlwaTYxaUR0ZzQ
09lQgzAZ_KU success uploaded, folder id: 0B7GYRmQ_BOeKVnlSMEhSb2ZuZ3M
09mlc887NXA success uploaded, folder id: 0B7GYRmQ_BOeKNW5qVm5kbFlyOEE
09mpgUzVc5g success uploaded, folder id: 0B7GYRmQ_BOeKb00xVmRMNm9NbU0
09nTwccQTUA success uploaded, folder id: 0B7GYRmQ_BOeKNTNEUXJZZWJ1cms
09NWpTxIuHc success uploaded, folder id: 0B7GYRmQ_BOeKTXVCNXNmZWhCUWc
09NZWywWpIc success uploaded, folder id: 0B7GYRmQ_BOeKSmxVOF9fd1VQQWs
09oB0mRKTFk success uploaded, folder id: 0B7GYRmQ_BOeKbnBzXzhpWU5tNWM
09OJNMulYg8 success uploaded, folder id: 0B7GYRmQ_BOeKLWlESW1kbnZZcVU
09OrA2rq28s success uploaded, folder id: 0B7GYRmQ_BOeKMjVlU0YzZFFYMFE
09R8_2nJtjg success uploaded, folder id: 0B7GYRmQ_BOeKczlhSzZoM1Q1b0k
09RhL4kJEAE success uploaded, folder id: 0B7GYRmQ_BOeKbkpXelZrUlJ4U00
09_rUP6VvUY success uploaded, folder id: 0B7GYRmQ_BOeKeW9uWkdCd0tFeU0
09RUuTAM2H0 success uploaded, folder id: 0B7GYRmQ_BOeKMXVmNS1XYjRiOHc
09t6crZXuQk success uploaded, folder id: 0B7GYRmQ_BOeKRzVBbElVamg1eGs
09TErgRvJT8 success uploaded, folder id: 0B7GYRmQ_BOeKNl9SbWJKdlE4UFE
09TJJjAgLLo success uploaded, folder id: 0B7GYRmQ_BOeKVS11VEpSOVlsQjQ
09ttQswgP08 success uploaded, folder id: 0B7GYRmQ_BOeKZWtxS3Y0eWU2QzA
09UO8-rMj0w success uploaded, folder id: 0B7GYRmQ_BOeKTWFQNkc1SEEzZkE
09wQNO-onuw success uploaded, folder id: 0B7GYRmQ_BOeKY3F0UUhmXzdpZGc
09yPRZYIAEs success uploaded, folder id: 0B7GYRmQ_BOeKNVUxbzlaOTdSWVE
09Z9tbJLkCE success uploaded, folder id: 0B7GYRmQ_BOeKQ0NIMUE4ekRJY2M
0a1d4-tL1nc success uploaded, folder id: 0B7GYRmQ_BOeKQWl0UmFzWlQzM00
0A1rpGGqYew success uploaded, folder id: 0B7GYRmQ_BOeKeGVqU0hmN05tdE0
0A_35Z4eQfg success uploaded, folder id: 0B7GYRmQ_BOeKYThHUzlRb05qb28
0a36He98cxc success uploaded, folder id: 0B7GYRmQ_BOeKVE55UGV4WkxoQUk
0a4LMezIoco success uploaded, folder id: 0B7GYRmQ_BOeKbUVFcjNiVDJ4THc
0a5Cp7PbqyY success uploaded, folder id: 0B7GYRmQ_BOeKOHpOcnQyU3NZZVk
0a6H0EuvOZQ success uploaded, folder id: 0B7GYRmQ_BOeKd1pWdWdOM2VEWE0
0A7fOPTcMas success uploaded, folder id: 0B7GYRmQ_BOeKa09PN0pFRVBUT2s
0A88KB7xAjU success uploaded, folder id: 0B7GYRmQ_BOeKeWdaOEh4cUxYMnM
0A8gdgDeoUU success uploaded, folder id: 0B7GYRmQ_BOeKRWluZzhfY3VtbnM
0A8y0ZZ-GjA success uploaded, folder id: 0B7GYRmQ_BOeKanRIaUhIcFRhdFU
0A91ej_vVcc success uploaded, folder id: 0B7GYRmQ_BOeKQmdoVWVDanAxcTQ
0a9y-7dJegk success uploaded, folder id: 0B7GYRmQ_BOeKeE82R21NalZHbXc
0aANTxQLeAo success uploaded, folder id: 0B7GYRmQ_BOeKWXF3VlA2em5uZzA
0AaOjY0cBzg success uploaded, folder id: 0B7GYRmQ_BOeKSWVhWEpKcWxIUmc
0AASbALRBTg success uploaded, folder id: 0B7GYRmQ_BOeKbG9oUmJuOXdkb1E
0aAtB0EnGqE success uploaded, folder id: 0B7GYRmQ_BOeKMVVDa0tqZTVrYm8
0aAvVZKSGr8 success uploaded, folder id: 0B7GYRmQ_BOeKbTZzWDJkcEVLa28
0acGQjCHtZw success uploaded, folder id: 0B7GYRmQ_BOeKVGNkQ1RjV3FZdmc
0AcWd9heQH8 success uploaded, folder id: 0B7GYRmQ_BOeKTGQ1UllXX0ZIVFU
0aDwdb8mxPk success uploaded, folder id: 0B7GYRmQ_BOeKLWhldVU5bVJ4YjQ
0aEe_NXCX54 success uploaded, folder id: 0B7GYRmQ_BOeKOXc3dE44RTVrcTQ
0AEtFIf4pdQ success uploaded, folder id: 0B7GYRmQ_BOeKUDl6TWVuSmR3dHM
0Aew6sX6z10 success uploaded, folder id: 0B7GYRmQ_BOeKQ21oN0lRNGpTRDg
0AF3qJ7gXGc success uploaded, folder id: 0B7GYRmQ_BOeKWEVwTFFHeE5BYjQ
0afdgMN7BnY success uploaded, folder id: 0B7GYRmQ_BOeKdnVBQ3ZXc0pRVm8
0afKZtUBgjE success uploaded, folder id: 0B7GYRmQ_BOeKZG4yaThtVlRJSWs
0AFoUz-iCWs success uploaded, folder id: 0B7GYRmQ_BOeKMjNsT3piMng2VWc
0AG4xayFVJc success uploaded, folder id: 0B7GYRmQ_BOeKMVBTQ2hNZDVSMk0
0AHqvlD_iYw success uploaded, folder id: 0B7GYRmQ_BOeKZno0Mjd3REhWRkE
0AIFKvbX4cc success uploaded, folder id: 0B7GYRmQ_BOeKLVZkM2RGRU5nRnc
0AIJEX7vQgg success uploaded, folder id: 0B7GYRmQ_BOeKVHFnT09fazA1TjA
0AIOcZ4ILiQ success uploaded, folder id: 0B7GYRmQ_BOeKenZ1ck9oQXRLdEk
0aiYcKa_FMY success uploaded, folder id: 0B7GYRmQ_BOeKM0xyak5aM2VtcVE
0aJVWhjubZs success uploaded, folder id: 0B7GYRmQ_BOeKNmFOVHZmRFJLdkU
0ak_7vZi1uw success uploaded, folder id: 0B7GYRmQ_BOeKR0loS2hHbHFsMzA
0AK-tPc9c84 success uploaded, folder id: 0B7GYRmQ_BOeKcnUwZzl5Tzk4R3M
0AkWlOigs1g success uploaded, folder id: 0B7GYRmQ_BOeKUElwbk9tUUJtV3M
0aLDGjzrwLM success uploaded, folder id: 0B7GYRmQ_BOeKX2hBOU9DelcwQTA
0aM3UwaB1vs success uploaded, folder id: 0B7GYRmQ_BOeKTUFNdDItWERacVk
0AN26mYBhZ8 success uploaded, folder id: 0B7GYRmQ_BOeKV3UyU1BwN3ZUNE0
0-ANcaESZtw success uploaded, folder id: 0B7GYRmQ_BOeKLTlTRk1oQmY5ajg
0anyMpwauZA success uploaded, folder id: 0B7GYRmQ_BOeKcUlvdGQ1UUxLZWc
0AO7iMw7-zM success uploaded, folder id: 0B7GYRmQ_BOeKVk5uV25kcjZPaWc
0aODb4Ckn8w success uploaded, folder id: 0B7GYRmQ_BOeKalpVTlc2b0JCbkk
0Aom_zFegZY success uploaded, folder id: 0B7GYRmQ_BOeKS1BaTS1kd3cyZGc
0Ao_uAb6Jkw success uploaded, folder id: 0B7GYRmQ_BOeKT2FMZW9FTFNfN1k
0aovhlwWNnA success uploaded, folder id: 0B7GYRmQ_BOeKb2tTNnpGS2EwaFE
0Apm25tm6nw success uploaded, folder id: 0B7GYRmQ_BOeKMGJLdHExQ2NvdTQ
_0apsD8U7nc success uploaded, folder id: 0B7GYRmQ_BOeKQTE2eTQ1UW8yUEk
0aQh98fsgng success uploaded, folder id: 0B7GYRmQ_BOeKOFF2QUtUcWRvRGc
0AqnCSdkjQ0 success uploaded, folder id: 0B7GYRmQ_BOeKQ1dseG91bGx1bDg
0AqSY8DXEnI success uploaded, folder id: 0B7GYRmQ_BOeKMUtzR0s3T04tVU0
0Ar0muvq5Qc success uploaded, folder id: 0B7GYRmQ_BOeKdmdpQUZkbC1FWG8
0ArC7pFOwgs success uploaded, folder id: 0B7GYRmQ_BOeKdndiUzgtb1pZQ2M
0ARHdokQ1G8 success uploaded, folder id: 0B7GYRmQ_BOeKaG40MmdrdnY2ajA
0aRIlnQzw-A success uploaded, folder id: 0B7GYRmQ_BOeKQzNrakpRb0lvaDA
0arqgo0La_s success uploaded, folder id: 0B7GYRmQ_BOeKNzVJMWxIYWgyNlU
0ArWSlg9qZ4 success uploaded, folder id: 0B7GYRmQ_BOeKQmRXeEZnUXZLSDQ
0aSAmiQl2W4 success uploaded, folder id: 0B7GYRmQ_BOeKb21JMG5VMU15YTg
0aSD5S2u3iM success uploaded, folder id: 0B7GYRmQ_BOeKamljdWFDdFFxd3M
0Asi80J6n-w success uploaded, folder id: 0B7GYRmQ_BOeKRmNaRmNtc0dnWEE
0AsIzmlBJiY success uploaded, folder id: 0B7GYRmQ_BOeKeXQyNTAxQnN3UFk
0at7Dq3mtFo success uploaded, folder id: 0B7GYRmQ_BOeKUGJ0TFRqdGNSTXM
0aTHSPCT8mQ success uploaded, folder id: 0B7GYRmQ_BOeKR2lTa1JjSjhObXM
0aTkHGUuOi0 success uploaded, folder id: 0B7GYRmQ_BOeKUFljNEVIbWxqRkU
0atL_0ot0YU success uploaded, folder id: 0B7GYRmQ_BOeKRjMwb2JlYTB2Qkk
0atOMhiDqBY success uploaded, folder id: 0B7GYRmQ_BOeKZ2JodkpqYVZhNjQ
0Atqk12uYVo success uploaded, folder id: 0B7GYRmQ_BOeKX1VjSXpObVpHRUk
0aTYaH-0j5c success uploaded, folder id: 0B7GYRmQ_BOeKNTAxZ0RIMUxNVEk
0aU3kX5V634 success uploaded, folder id: 0B7GYRmQ_BOeKY3VyeFV0WE15MWM
0AuH075tOZ4 success uploaded, folder id: 0B7GYRmQ_BOeKUGtkRWZPTDk4OG8
0AUlK6RvmmA success uploaded, folder id: 0B7GYRmQ_BOeKQWZ1aEZyTGZlTjQ
0AUUZ0TXLR4 success uploaded, folder id: 0B7GYRmQ_BOeKc3N0M25oU200NmM
0aUWrMzFcao success uploaded, folder id: 0B7GYRmQ_BOeKQWRha2VDaVFQZGc
0AVdESwWFXA success uploaded, folder id: 0B7GYRmQ_BOeKeVd5WnptWjVVNHM
0AvJ-Jy5Kyc success uploaded, folder id: 0B7GYRmQ_BOeKWFpGZElIOEJrRXc
0AvtBkZdiME success uploaded, folder id: 0B7GYRmQ_BOeKbTdObjlrcXotcDQ
0aWoCHYuNII success uploaded, folder id: 0B7GYRmQ_BOeKVm5rWDFYN181TVU
0A_XG30lw4E success uploaded, folder id: 0B7GYRmQ_BOeKeGxrS2VCV3hYOHc
0aXxjiXvryA success uploaded, folder id: 0B7GYRmQ_BOeKRzNkSkdzRlptR1U
0ayX1AIBzW0 success uploaded, folder id: 0B7GYRmQ_BOeKYWJSM3pEcDM2ZUk
-0AYXIOYVK4 success uploaded, folder id: 0B7GYRmQ_BOeKMVJPX1hQSzhfek0
0ayXRcevVFY success uploaded, folder id: 0B7GYRmQ_BOeKd2NTM0h3UHZQclU
0Az9OaWyXIY success uploaded, folder id: 0B7GYRmQ_BOeKZnZRR2pmbXZVZWc
_0aZeqnCo8Q success uploaded, folder id: 0B7GYRmQ_BOeKTUNzdTVibUEtaFU
0_AzHWoCITk success uploaded, folder id: 0B7GYRmQ_BOeKSzkzeFFncVR5RjA
0aziNvhgucA success uploaded, folder id: 0B7GYRmQ_BOeKSERMWkh0aU1BM3c
0AzTMRktc-s success uploaded, folder id: 0B7GYRmQ_BOeKSWNkblBVdDNuRjQ
0B1VnZTUCqs success uploaded, folder id: 0B7GYRmQ_BOeKSGFLYUxUZTByNnc
0B1Wfu-Ps2A success uploaded, folder id: 0B7GYRmQ_BOeKSHRVcmp6aWhrbVE
0B2aLemFVfk success uploaded, folder id: 0B7GYRmQ_BOeKV3o5SENhOFRPSUk
0b2osH9hA5A success uploaded, folder id: 0B7GYRmQ_BOeKOEU2WUcteVFHczg
0b4u_LfRBWI success uploaded, folder id: 0B7GYRmQ_BOeKQ2ZDNVhPUl9LejA
0B4wPy6RZho success uploaded, folder id: 0B7GYRmQ_BOeKNjktZEJwLXoyenc
0B57FgRG9kA success uploaded, folder id: 0B7GYRmQ_BOeKanlwX0ZiR083MTQ
0b5TShSGDHk success uploaded, folder id: 0B7GYRmQ_BOeKY2VmcWdDU1lJWHc
0b5uulBrDrs success uploaded, folder id: 0B7GYRmQ_BOeKbTRmaWd5ci1uVVU
0b5wOb934ug success uploaded, folder id: 0B7GYRmQ_BOeKSFBUa1lLNUlJaW8
0b7A4m2SFSQ success uploaded, folder id: 0B7GYRmQ_BOeKbnNQTzhDUmpCU2c
0b7jvvHXIhM success uploaded, folder id: 0B7GYRmQ_BOeKdHRUcklaX3dGakU
0b7PEneci0Y success uploaded, folder id: 0B7GYRmQ_BOeKUXFndVk1MU9TY1E
0_b80fHmuWw success uploaded, folder id: 0B7GYRmQ_BOeKdEtraDdkZ3JsXzA
0b9rOji_PWY success uploaded, folder id: 0B7GYRmQ_BOeKRVNXUi1tY0IxRmc
0BA7qMkdQjw success uploaded, folder id: 0B7GYRmQ_BOeKMWozT0R6VnRLMGM
0bAe30JS3y0 success uploaded, folder id: 0B7GYRmQ_BOeKR005bjY1SlNFR2M
-0Bbbu3Jcr0 success uploaded, folder id: 0B7GYRmQ_BOeKWHg5Mk01NXlqNFU
0bbelZwXMwk success uploaded, folder id: 0B7GYRmQ_BOeKY3FlQ21KdWxkY2s
0BBIKy0IqH8 success uploaded, folder id: 0B7GYRmQ_BOeKRUZJczZTRlNnb00
0BBqu0culjQ success uploaded, folder id: 0B7GYRmQ_BOeKY1dKWnA0dV9aSnM
0BcEMxMFte4 success uploaded, folder id: 0B7GYRmQ_BOeKVkNrdjZfdlVPRlU
_0bCIuiDC_A success uploaded, folder id: 0B7GYRmQ_BOeKZlljcFQ5R1FkRWc
0BCkpPg_qMM success uploaded, folder id: 0B7GYRmQ_BOeKaHR3ZDlyVUM5Mjg
0BCTxPVuJBI success uploaded, folder id: 0B7GYRmQ_BOeKYWpTcXRMaUJIZ1E
0bD6AuKToXw success uploaded, folder id: 0B7GYRmQ_BOeKZFF0aklUYzlRVVE
0bDlK1urCq4 success uploaded, folder id: 0B7GYRmQ_BOeKdkxBS0pXbGRqanc
0BDReFi13xg success uploaded, folder id: 0B7GYRmQ_BOeKX0JoQWNDWGNfcU0
0BEHjfzpqr8 success uploaded, folder id: 0B7GYRmQ_BOeKZGJSWjhsX2VoUWM
0BEQSwSIiMQ success uploaded, folder id: 0B7GYRmQ_BOeKbkQzWGI0eVdyWDg
0bEYkYKxEzw success uploaded, folder id: 0B7GYRmQ_BOeKY016WE52SVRUTVU
0BH2smX2noc success uploaded, folder id: 0B7GYRmQ_BOeKbHJGc0thZmJWTEk
0bIbFkGc2Gs success uploaded, folder id: 0B7GYRmQ_BOeKM0YtVkxXaDVjVzA
0bIFAvFzPbM success uploaded, folder id: 0B7GYRmQ_BOeKeVU4T25RYWNIUzg
0BIfrA6CIIk success uploaded, folder id: 0B7GYRmQ_BOeKaGRIbFhoNnlZY2c
0bIw18SnM2s success uploaded, folder id: 0B7GYRmQ_BOeKZ3NBSUtvalI4NnM
0bjmVGiPlls success uploaded, folder id: 0B7GYRmQ_BOeKT0p3Si1HMVdHbVU
-0bkCYnvLE8 success uploaded, folder id: 0B7GYRmQ_BOeKdmozYjl1bE9YcVU
0bKD3IdGLtY success uploaded, folder id: 0B7GYRmQ_BOeKRkoxRk0ySnotNkE
-0bkJ3ToPFQ success uploaded, folder id: 0B7GYRmQ_BOeKQVJSd053RFVwVVE
0BKSb1pA0ts success uploaded, folder id: 0B7GYRmQ_BOeKRDcya2R6dW85UzQ
0BL0WreYUbs success uploaded, folder id: 0B7GYRmQ_BOeKR1RIdDgybDJ6SDA
0bl2l1JM4xc success uploaded, folder id: 0B7GYRmQ_BOeKQUZ5U3BIZk9QcmM
0BlpF7f2IRw success uploaded, folder id: 0B7GYRmQ_BOeKU041SFFuc3E4MTQ
0BLs2zQytCI success uploaded, folder id: 0B7GYRmQ_BOeKQlpWSzhUU2JYUTg
0bm6bSwY1ZU success uploaded, folder id: 0B7GYRmQ_BOeKOU1STDBIOFd5RFk
0bM-ivpKfmM success uploaded, folder id: 0B7GYRmQ_BOeKcDMwRTNiMFZyUTg
0bmSmy8abJo success uploaded, folder id: 0B7GYRmQ_BOeKZlVOTXBPcEJPNG8
0bn1pJDseZc success uploaded, folder id: 0B7GYRmQ_BOeKSm9TbWtlSFhhUVE
0BnPMwRu-3M success uploaded, folder id: 0B7GYRmQ_BOeKYnZtS3lwRVVzV2s
0BOjTMkyfIA success uploaded, folder id: 0B7GYRmQ_BOeKSXRLZS1lYkFRRUE
0BOLedCu00Q success uploaded, folder id: 0B7GYRmQ_BOeKLVA0WWRUeUM4Z3c
0BoND-JwrLc success uploaded, folder id: 0B7GYRmQ_BOeKYmFUY2g1YV84bGs
0_BP19yyF68 success uploaded, folder id: 0B7GYRmQ_BOeKYlkyS1V2MWhVckU
0Bp6zU6EMCQ success uploaded, folder id: 0B7GYRmQ_BOeKak1kdVhzd09OQWs
0bpbbvT9zTA success uploaded, folder id: 0B7GYRmQ_BOeKNFgyS0hISTE3Zms
0bPEB0ivLKA success uploaded, folder id: 0B7GYRmQ_BOeKT1RSbjhQU0JkUkU
0bq1YxGS3AQ success uploaded, folder id: 0B7GYRmQ_BOeKTG16bHJhRC1yb28
0bRCwd73iVo success uploaded, folder id: 0B7GYRmQ_BOeKd09uME4wSTBYNVk
0brjKZDj-NQ success uploaded, folder id: 0B7GYRmQ_BOeKWTZRX2YyMGlTb2M
0bSBeoDfJ4w success uploaded, folder id: 0B7GYRmQ_BOeKR1U3YXRwYUNhUjA
0bszlWf3D5s success uploaded, folder id: 0B7GYRmQ_BOeKNlJBamQ2MFhuVm8
0BTH4YtGkuI success uploaded, folder id: 0B7GYRmQ_BOeKNF9ONWNROTZvdzA
0Bt-NqV4Gq8 success uploaded, folder id: 0B7GYRmQ_BOeKbmZZVUtiSmdIRGc
0btoL6P4AqY success uploaded, folder id: 0B7GYRmQ_BOeKX0RBbHdVZlFxNGM
0BTTPpg1FFo success uploaded, folder id: 0B7GYRmQ_BOeKdi1GX1kwSFFoUkE
0bTvWy7mxTw success uploaded, folder id: 0B7GYRmQ_BOeKMkdTZk43ZTdhMnM
0-BUoQdxdJU success uploaded, folder id: 0B7GYRmQ_BOeKdUFMSzZaWldWQjA
0BUOVOEvDZU success uploaded, folder id: 0B7GYRmQ_BOeKeFVnSFd1RnM2NWc
0bUPcxTmYi4 success uploaded, folder id: 0B7GYRmQ_BOeKd0dMYjZIcWdtV2c
0bUQQBx4n3w success uploaded, folder id: 0B7GYRmQ_BOeKT2JoX3E0RmlIUGs
0BVkWybK_qI success uploaded, folder id: 0B7GYRmQ_BOeKVnJPT3pIN21wbnM
0BvwxFA22s0 success uploaded, folder id: 0B7GYRmQ_BOeKdlpyb1lScENnbXM
0Bw_XHn4sFU success uploaded, folder id: 0B7GYRmQ_BOeKRDBnQkRhUmw0Q0U
0BWXRN1RVQE success uploaded, folder id: 0B7GYRmQ_BOeKZUw3WEc4T1FZcFk
0Bx8P4EvYLA success uploaded, folder id: 0B7GYRmQ_BOeKMDRaTVhLTUllSUk
0BxgePcR530 success uploaded, folder id: 0B7GYRmQ_BOeKV1BmT1FSYzllX00
0bxiOMJAMW8 success uploaded, folder id: 0B7GYRmQ_BOeKRVp5MERIMDhYQlU
0By7z3-CXMo success uploaded, folder id: 0B7GYRmQ_BOeKRHMzRUF5RWNndTg
0Bz2nhjgUeQ success uploaded, folder id: 0B7GYRmQ_BOeKWFlhM1lrTU9KVTA
0B_z6RAPM4c success uploaded, folder id: 0B7GYRmQ_BOeKVklkSEd3ZklMa3c
0BZrOt6gZwE success uploaded, folder id: 0B7GYRmQ_BOeKSUwtUUsycF9zMTA
0c0CP4bR_Pc success uploaded, folder id: 0B7GYRmQ_BOeKMUE5UXZnSzFKelE
0C1BIVDB2do success uploaded, folder id: 0B7GYRmQ_BOeKUWRJQzFBRUlvcjA
0c1QVThl-0c success uploaded, folder id: 0B7GYRmQ_BOeKb3FzSVZhbUswZkU
0C1w7XyrpLA success uploaded, folder id: 0B7GYRmQ_BOeKSklxMUNCRWp4VG8
0c2fSwZ4Qd0 success uploaded, folder id: 0B7GYRmQ_BOeKQloxMTBPaHVuWDQ
0c31E--27lY success uploaded, folder id: 0B7GYRmQ_BOeKclQ0dHAxakFDMEk
0C4EfwqOS7A success uploaded, folder id: 0B7GYRmQ_BOeKOEFXOTV3Wjk3MEk
0c4jRCm353c success uploaded, folder id: 0B7GYRmQ_BOeKeTBrSVV1SVlFSFE
0C75vRVL5lE success uploaded, folder id: 0B7GYRmQ_BOeKaWFqQmRCQjk5Tms
0C7d76j1dzU success uploaded, folder id: 0B7GYRmQ_BOeKejdnQmx0SzQtMk0
0c7zoUqjuw8 success uploaded, folder id: 0B7GYRmQ_BOeKaWZPaF8yVzFHWEE
0c9bea_thaM success uploaded, folder id: 0B7GYRmQ_BOeKbXAtQlNxOFBFckE
_0caPALstWY success uploaded, folder id: 0B7GYRmQ_BOeKVHZTV2VNYmEzWWc
0cB5cqUxbCY success uploaded, folder id: 0B7GYRmQ_BOeKNFd5LTVtOG53dFE
0CBrEdqQQRo success uploaded, folder id: 0B7GYRmQ_BOeKM0VvWkxKMjc3MTQ
0CCnrtbnjXs success uploaded, folder id: 0B7GYRmQ_BOeKYllGX0I1Mmk2ams
0cDa-iQYKeQ success uploaded, folder id: 0B7GYRmQ_BOeKZzFfdVpVSjZXQmM
0cdJ8QxcBjc success uploaded, folder id: 0B7GYRmQ_BOeKdW9jUzg0R0pjcWc
0cDPb0w8dqc success uploaded, folder id: 0B7GYRmQ_BOeKejhXX0lRUzM1aGs
0cdZtbOhqtc success uploaded, folder id: 0B7GYRmQ_BOeKS3dXcmF1bm96UHM
0CEd0jOq3v0 success uploaded, folder id: 0B7GYRmQ_BOeKMk5DeE9rVVI1QlU
0CepbnoGktk success uploaded, folder id: 0B7GYRmQ_BOeKWW4wZllSejY2elE
0cES7wm0QZk success uploaded, folder id: 0B7GYRmQ_BOeKWTJrMVI5MUlVVjQ
0CeUZzu4urI success uploaded, folder id: 0B7GYRmQ_BOeKYjdQN19Oc2RmNUU
0CfiEHuX8lM success uploaded, folder id: 0B7GYRmQ_BOeKQ2FxaVMycFdOc2s
0CFiHWRn6Fs success uploaded, folder id: 0B7GYRmQ_BOeKY0VLYUtZS0ZpTTg
0cfu0b1UxlI success uploaded, folder id: 0B7GYRmQ_BOeKSDAwSnJGSHhwN0E
0cFyMWzz4iQ success uploaded, folder id: 0B7GYRmQ_BOeKSnBnNHk2SF9kcmc
0cGdhUSiX_8 success uploaded, folder id: 0B7GYRmQ_BOeKVWloQjBYS0h5cm8
0_cGlrISCmo success uploaded, folder id: 0B7GYRmQ_BOeKOXIxOE84ZGdwUWs
0CGoEjf13tE success uploaded, folder id: 0B7GYRmQ_BOeKemlaemxxOTBSeG8
0cgSY9l8YVI success uploaded, folder id: 0B7GYRmQ_BOeKRk9DZFpvUXBwaUk
0ch3Bd_Ym2o success uploaded, folder id: 0B7GYRmQ_BOeKNWFQMnlYemI1am8
0cHGSzuujVg success uploaded, folder id: 0B7GYRmQ_BOeKclhXTGltTXJSTGc
0CHs5_TdpXE success uploaded, folder id: 0B7GYRmQ_BOeKVVo2bi1tMng3c0E
0-cigOSgUQs success uploaded, folder id: 0B7GYRmQ_BOeKX3lLenI2aFljQ00
0ciRrkoK5PA success uploaded, folder id: 0B7GYRmQ_BOeKZjVBNk1aUTVETW8
0CJeDetA45Q success uploaded, folder id: 0B7GYRmQ_BOeKZzhFemFUSXNlcXc
0C_J-kE5HE4 success uploaded, folder id: 0B7GYRmQ_BOeKODZ3b1RGT29NTFE
0CJV16BgBOo success uploaded, folder id: 0B7GYRmQ_BOeKOWR1LWhxUGJfUFk
0ck3CoEi2V8 success uploaded, folder id: 0B7GYRmQ_BOeKMEJNQWpoTG1ORTA
0ckKuDSq0NA success uploaded, folder id: 0B7GYRmQ_BOeKeVhGRFA0dkdsT3c
0cLAkStZJFQ success uploaded, folder id: 0B7GYRmQ_BOeKazRwOGxiZnptaFE
0cLT7qSGsTQ success uploaded, folder id: 0B7GYRmQ_BOeKMTZpNVZZWlBmcnc
0CM6Hnw_j0A success uploaded, folder id: 0B7GYRmQ_BOeKck1vREZCMlJZY00
0cmYf8A5_r8 success uploaded, folder id: 0B7GYRmQ_BOeKUWZQRWlCa3pPZ3M
0CmZtTxgGyk success uploaded, folder id: 0B7GYRmQ_BOeKWXkxV2tvLVpQd2c
0CN6PURNbZE success uploaded, folder id: 0B7GYRmQ_BOeKUEZFbDUtT2pXQjA
0CNa_jSkYMo success uploaded, folder id: 0B7GYRmQ_BOeKSnp5UGdpdFZ5MkE
0cNGcBQHsYE success uploaded, folder id: 0B7GYRmQ_BOeKVG9BRUZTNC1sVlU
0C_NHXnvp8k success uploaded, folder id: 0B7GYRmQ_BOeKSV9MbUQ2NnVoUzA
0cnPypd1Boo success uploaded, folder id: 0B7GYRmQ_BOeKYjc5OWRaeTgweDg
0cNVyGyLkyc success uploaded, folder id: 0B7GYRmQ_BOeKMDVCT21fbWthZWc
0CO3NDqlFcY success uploaded, folder id: 0B7GYRmQ_BOeKY3k0U2t3WTJqZDg
0coB7vkZad4 success uploaded, folder id: 0B7GYRmQ_BOeKdDRBNmppdkZ1c2s
0COmDI9DvuM success uploaded, folder id: 0B7GYRmQ_BOeKVzRfSEtCVjVTclU
0CoYPuxbnRE success uploaded, folder id: 0B7GYRmQ_BOeKb3MzNExZUEFEQU0
0cPCeFxK-Hg success uploaded, folder id: 0B7GYRmQ_BOeKaFg4VWhWajA4alk
0cPg-jnW8lo success uploaded, folder id: 0B7GYRmQ_BOeKWmoxck84NEhFUVk
0cpKNNhD2sQ success uploaded, folder id: 0B7GYRmQ_BOeKRWVlX1EwcGc3M1U
0cpl4Oii95U success uploaded, folder id: 0B7GYRmQ_BOeKNDRxemdsam5CZFE
0CPzrfR8rPQ success uploaded, folder id: 0B7GYRmQ_BOeKY2E3eFQ1aDNFQm8
0Cq4TCHoG9c success uploaded, folder id: 0B7GYRmQ_BOeKNERRTnRQcDd1VVE
0cQ91lO4pH0 success uploaded, folder id: 0B7GYRmQ_BOeKN2RYZmE5Q2pwQjA
0CqaJvs18iE success uploaded, folder id: 0B7GYRmQ_BOeKcUE5WGtmemFHZkE
0CqBJRTdIWc success uploaded, folder id: 0B7GYRmQ_BOeKRXRBNUVDbEx5bnM
0cQbYxsQwsw success uploaded, folder id: 0B7GYRmQ_BOeKS2FiRWRhRG42Z28
0cRDAZX6Pkc success uploaded, folder id: 0B7GYRmQ_BOeKY21mZzNKT281OGs
0crLpBxF3QY success uploaded, folder id: 0B7GYRmQ_BOeKdGs4U1FKMTctTjg
0C-ryuPII08 success uploaded, folder id: 0B7GYRmQ_BOeKdmcybi05ZzlOZFE
0CSDlf_EBeI success uploaded, folder id: 0B7GYRmQ_BOeKb25Mdno2c3hZSHc
0CsnCjS92E8 success uploaded, folder id: 0B7GYRmQ_BOeKZ0J4SU5kdTQ4ZkU
0CsxF83M2LI success uploaded, folder id: 0B7GYRmQ_BOeKX2xkNkItczVaSjA
_0Cu4fRqGV8 success uploaded, folder id: 0B7GYRmQ_BOeKekt6UHRtVGZ5X0E
0cusIATMUBI success uploaded, folder id: 0B7GYRmQ_BOeKc3VIcWlRS2dBQTg
0Cut_Nmb0w4 success uploaded, folder id: 0B7GYRmQ_BOeKblB3QkJOYU94RUU
0CVIoKLVBv0 success uploaded, folder id: 0B7GYRmQ_BOeKc3VtNnA4cUNSWFk
0cW5hj7o7Rg success uploaded, folder id: 0B7GYRmQ_BOeKYVQyQ0h2WXM1b0k
0CWvMnFNPD8 success uploaded, folder id: 0B7GYRmQ_BOeKSHh4cVEyMHRxTHc
0CwZpRSPepw success uploaded, folder id: 0B7GYRmQ_BOeKVjR4ZjFmZXE5OU0
0_cX9qSKSYU success uploaded, folder id: 0B7GYRmQ_BOeKZml6ZTMxWVZldE0
0cXaI_arn9w success uploaded, folder id: 0B7GYRmQ_BOeKQTdNMjV5bEJGYVE
0CxesB4PtkQ success uploaded, folder id: 0B7GYRmQ_BOeKN2dxYUg0YktZNDQ
0cXOYUuT0W8 success uploaded, folder id: 0B7GYRmQ_BOeKbld0eTVfX3VYNzA
0CxvwHfHzog success uploaded, folder id: 0B7GYRmQ_BOeKVHQtcGpCd3Q2S0k
0CY5E2ettbY success uploaded, folder id: 0B7GYRmQ_BOeKUnA1ZlFqaUFvaTg
0CY7irrSA8g success uploaded, folder id: 0B7GYRmQ_BOeKT2YwRXVVUGswekk
0_Cycrelgrg success uploaded, folder id: 0B7GYRmQ_BOeKNjJPWHBOb3NKOEE
0CYVGN98ZLA success uploaded, folder id: 0B7GYRmQ_BOeKY29ZTXcwSmxKczA
0cz5rT-d6ek success uploaded, folder id: 0B7GYRmQ_BOeKVkR3dTBweExnQWc
0cZCXEuis-I success uploaded, folder id: 0B7GYRmQ_BOeKcXI3NDhsOWFOQjg
0_CZi9I1OWM success uploaded, folder id: 0B7GYRmQ_BOeKVFpXQ0M4Mmg3Q28
0czRt81Qb-I success uploaded, folder id: 0B7GYRmQ_BOeKckZyRXp3dGRIQUE
0cZyA8991V0 success uploaded, folder id: 0B7GYRmQ_BOeKSUF2VmQ4MkVYWlE
0d1zpt6k5OI success uploaded, folder id: 0B7GYRmQ_BOeKQnMxdEFrQld4NGM
0D2-cCP9PTI success uploaded, folder id: 0B7GYRmQ_BOeKclNPT25XUTZCUEU
0d2nJPfyHsA success uploaded, folder id: 0B7GYRmQ_BOeKZjRDR0ZpRHVaMTA
0d3aCfWRMQI success uploaded, folder id: 0B7GYRmQ_BOeKSUhxSWs0VUpLYTQ
0D3WZxYxWd8 success uploaded, folder id: 0B7GYRmQ_BOeKdWRBSWhQUFVYWUE
0D4b85_6n_A success uploaded, folder id: 0B7GYRmQ_BOeKV3BuaFVpU0ttd0E
0D4lDD3kkhc success uploaded, folder id: 0B7GYRmQ_BOeKcmNoOFY2VVlnaDQ
0D5AiYVkgs0 success uploaded, folder id: 0B7GYRmQ_BOeKakFsWUdFMVhmakk
0d5S_QzQZ2M success uploaded, folder id: 0B7GYRmQ_BOeKNVlsWmVIdUc5SE0
0_D6eGW5TB0 success uploaded, folder id: 0B7GYRmQ_BOeKcWFLVEd4MzBZdHc
0d7UG5NjoBM success uploaded, folder id: 0B7GYRmQ_BOeKdFhHMTNRbnpDUEk
0d7YiKAdxnE success uploaded, folder id: 0B7GYRmQ_BOeKQXRHV3dzNHJyUWs
0d8dsu9NoM8 success uploaded, folder id: 0B7GYRmQ_BOeKZXYzSjM0ZFh6LUU
0d8hUVf96R8 success uploaded, folder id: 0B7GYRmQ_BOeKaFljN1l6QWZJREE
0daGaPepTfQ success uploaded, folder id: 0B7GYRmQ_BOeKdFYwMVJwWDFHUXc
0DaJGhJz7SY success uploaded, folder id: 0B7GYRmQ_BOeKVm1Nd1daRTJRak0
0DAKpJ5bo60 success uploaded, folder id: 0B7GYRmQ_BOeKZ3pjN05hRFp3RnM
0DatE5lqTcg success uploaded, folder id: 0B7GYRmQ_BOeKQ2EwQWsxRW5sZGM
0dAxbFSu134 success uploaded, folder id: 0B7GYRmQ_BOeKM3ZkcVpkWGJoaVU
0dDKcXC0Kuc success uploaded, folder id: 0B7GYRmQ_BOeKNFNVaXhGZjBhZnM
0DDmMhQWyew success uploaded, folder id: 0B7GYRmQ_BOeKTEl4S01tRlZOS00
_0Ddz2CDmEE success uploaded, folder id: 0B7GYRmQ_BOeKcVhDMV9ERGNVVnM
0DE14kqiy-0 success uploaded, folder id: 0B7GYRmQ_BOeKTmp1eFNfMmdQS1k
0detZxDJFbw success uploaded, folder id: 0B7GYRmQ_BOeKbVczSVI5a2QxMVE
0DeVXoMOR3U success uploaded, folder id: 0B7GYRmQ_BOeKY2RRTzg5TmtpcU0
0Df4c_blUws success uploaded, folder id: 0B7GYRmQ_BOeKdEpZcWxDeUZnRjQ
0df_C0LVGww success uploaded, folder id: 0B7GYRmQ_BOeKU1paZzhUTVhRU0E
0dFYhV8aF9o success uploaded, folder id: 0B7GYRmQ_BOeKUmRKdm1tSXR0N1E
0DGPmJEfmQ0 success uploaded, folder id: 0B7GYRmQ_BOeKMDNjSTVSNGstbm8
0DGrOlXJj1c success uploaded, folder id: 0B7GYRmQ_BOeKa2RsVkhMZEpMT1E
0dGsAjA5Xj8 success uploaded, folder id: 0B7GYRmQ_BOeKbmk3LS1fRWVSTU0
0dgYQ29h89k success uploaded, folder id: 0B7GYRmQ_BOeKc3pYZjJWTWVaLWs
0DiGDgTfK5A success uploaded, folder id: 0B7GYRmQ_BOeKZVpRX2ZVTGgyWUU
0DINpcVcAdI success uploaded, folder id: 0B7GYRmQ_BOeKUlk3bUd6N1puSGs
0DIqTvG8vqM success uploaded, folder id: 0B7GYRmQ_BOeKb20zQUFVYUI2N1E
0DISd8IKlOU success uploaded, folder id: 0B7GYRmQ_BOeKcTN3dk5vNEliMmc
0dJuZx81fyw success uploaded, folder id: 0B7GYRmQ_BOeKeTZWMGxoZ1lnckE
0DkBvPfxCHg success uploaded, folder id: 0B7GYRmQ_BOeKb1MtR2gwVTktd3c
0DkcEWr-zAk success uploaded, folder id: 0B7GYRmQ_BOeKc0M1QlpqSXlBM2M
0DM750sNj8g success uploaded, folder id: 0B7GYRmQ_BOeKZ1E1OWZPVzc3TTg
0Dm8omSuBfQ success uploaded, folder id: 0B7GYRmQ_BOeKNDZuT3pTTGpYMzQ
0dMPQs5vpek success uploaded, folder id: 0B7GYRmQ_BOeKQ1pyQ3NlMXRzdDQ
0DMTjfHyGxU success uploaded, folder id: 0B7GYRmQ_BOeKTWdXamZocXNDOGs
0DmTyk1LCec success uploaded, folder id: 0B7GYRmQ_BOeKelZtcWFkZV9RWnM
0DNu3IAez4Q success uploaded, folder id: 0B7GYRmQ_BOeKMEU4TFB6VURtTHM
0DOlJ4xrd4U success uploaded, folder id: 0B7GYRmQ_BOeKS0MxaTYwUElkTDQ
0-Dpapf5E-8 success uploaded, folder id: 0B7GYRmQ_BOeKZHR1X3I0Sm0xamc
0DPkV1QrY1o success uploaded, folder id: 0B7GYRmQ_BOeKX1VjT2hKRlRoblU
0Dq7BsCBRck success uploaded, folder id: 0B7GYRmQ_BOeKUUVyUGRybWxJZFk
0dQJgp9VGe0 success uploaded, folder id: 0B7GYRmQ_BOeKV0xyZFFCTzJtc3c
_0Dr65u6Y-0 success uploaded, folder id: 0B7GYRmQ_BOeKNlFDZUcyUm1ETmM
0DRCdeJBLxA success uploaded, folder id: 0B7GYRmQ_BOeKd1Jwdmx6YV9qMkk
0drI0G6UjeA success uploaded, folder id: 0B7GYRmQ_BOeKRWlOS2luTGxBa3c
0DS0n8Ak1CE success uploaded, folder id: 0B7GYRmQ_BOeKQmVYcXNYd09QRm8
0dsgRm1aHic success uploaded, folder id: 0B7GYRmQ_BOeKVzdaYW5mZHpBSUU
0DSjMTGMMEo success uploaded, folder id: 0B7GYRmQ_BOeKdTB0WnhvV0VHNUk
0dTNQENWzbw success uploaded, folder id: 0B7GYRmQ_BOeKdFg2c2NxNldfdEk
0DTNxieH_-c success uploaded, folder id: 0B7GYRmQ_BOeKWXdPbXljY2I5STQ
0dtx3lh7fxs success uploaded, folder id: 0B7GYRmQ_BOeKb2FVYmNtSi1aU2s
0Du644lNFwI success uploaded, folder id: 0B7GYRmQ_BOeKS1BSbkNVQjc2OXc
0dub_AGWzrk success uploaded, folder id: 0B7GYRmQ_BOeKN2xQV290a2pBbkU
0dUQ6mnngu8 success uploaded, folder id: 0B7GYRmQ_BOeKQlNlRXhCQkx2blk
0DurPgCk9Qs success uploaded, folder id: 0B7GYRmQ_BOeKcGNna2liMF9EbXc
0dvCF3dS4ZI success uploaded, folder id: 0B7GYRmQ_BOeKTXRkT0lwOEhnUDg
0dVn0hJgGFI success uploaded, folder id: 0B7GYRmQ_BOeKYXVoeTJNd280ckU
0dVnJjt-IlQ success uploaded, folder id: 0B7GYRmQ_BOeKcXBOZVE0MFo3TWc
0dwJ-bkJwDI success uploaded, folder id: 0B7GYRmQ_BOeKQlhNNlhDRVVlams
0DWnPNmytOk success uploaded, folder id: 0B7GYRmQ_BOeKR1d6MFZBSHVIUUE
0DWQ_dgL0Kw success uploaded, folder id: 0B7GYRmQ_BOeKTDZacS13MVF1NWs
0dwSopFtQaE success uploaded, folder id: 0B7GYRmQ_BOeKOVUxUXVSb3p5Ym8
0dwXQW14-W8 success uploaded, folder id: 0B7GYRmQ_BOeKNGZ2U3pWZEVkLXc
0DXf2vokJ_g success uploaded, folder id: 0B7GYRmQ_BOeKSkl2VGplVVoxYm8
0dxi9ACUMh4 success uploaded, folder id: 0B7GYRmQ_BOeKU3A2S1RGNDZTWjQ
0dXVEua4RTQ success uploaded, folder id: 0B7GYRmQ_BOeKWVdKRThKTTJZLVk
0Dy4qto5qcA success uploaded, folder id: 0B7GYRmQ_BOeKWHNBRk42b2lhV1U
0dYlvdLdK9w success uploaded, folder id: 0B7GYRmQ_BOeKRjJyZkM2VHdBWG8
0DzpfD17cdE success uploaded, folder id: 0B7GYRmQ_BOeKbEhoNkM5cnlfZFE
0E00Zuayv9Q success uploaded, folder id: 0B7GYRmQ_BOeKYWV4TkV2c3VrZGc
0e0JK0TDlWI success uploaded, folder id: 0B7GYRmQ_BOeKMHBoQjVpNmJkUXM
0E1xYcXsGp0 success uploaded, folder id: 0B7GYRmQ_BOeKWG1xRGl1eGFTaGM
0e1zL6pMVUo success uploaded, folder id: 0B7GYRmQ_BOeKX0RlWXYwWmlMeGc
0e3t18rrjOA success uploaded, folder id: 0B7GYRmQ_BOeKQUJFN0JZQVk3d00
0e3V57DDXwk success uploaded, folder id: 0B7GYRmQ_BOeKNUQ5RTRrMVZrbDQ
0E4OKEaQyKA success uploaded, folder id: 0B7GYRmQ_BOeKU3dNV0VBUTVZbFk
0E4UXvsFR-A success uploaded, folder id: 0B7GYRmQ_BOeKVkc2UzVaSkYtWDA
0e5630dYT1E success uploaded, folder id: 0B7GYRmQ_BOeKZTZQYkRIVkRoX3c
0E5ISpYHDc8 success uploaded, folder id: 0B7GYRmQ_BOeKMWZ3YmZnbk1DeG8
0E6KXgWuaHo success uploaded, folder id: 0B7GYRmQ_BOeKYlNDYW55WnlpaG8
0e6QvQbqajg success uploaded, folder id: 0B7GYRmQ_BOeKek43Wk9SQXNvVTA
0e6u4uxnhEQ success uploaded, folder id: 0B7GYRmQ_BOeKYm5keG5pUnFqdDQ
0e8KGPdAKLs success uploaded, folder id: 0B7GYRmQ_BOeKb1pFQm5PLXZrQWs
0E8Sd8Zb_mM success uploaded, folder id: 0B7GYRmQ_BOeKaEV1THlmQUlXSms
0EA8SAUF9a4 success uploaded, folder id: 0B7GYRmQ_BOeKNnlZYUZ4WW9Oejg
0eAcUVBk06s success uploaded, folder id: 0B7GYRmQ_BOeKVkVubVhfMXU1MEU
0eagm3dSkeg success uploaded, folder id: 0B7GYRmQ_BOeKczZINzRQVDFhN0k
0eAYyhvlOHs success uploaded, folder id: 0B7GYRmQ_BOeKNGZSYk9XN0JSUzQ
0EazGA673fk success uploaded, folder id: 0B7GYRmQ_BOeKbFdjMlVJUkd2aU0
0EBfWIJTNoQ success uploaded, folder id: 0B7GYRmQ_BOeKcGN4QTB0SzlxR28
0ebZTJiUscM success uploaded, folder id: 0B7GYRmQ_BOeKc0tLYXdsYWdRaWc
0Edp5GPTx1o success uploaded, folder id: 0B7GYRmQ_BOeKc3M2TEpOYXpmcUU
0eDWZ9jkRQo success uploaded, folder id: 0B7GYRmQ_BOeKSVdtcWpVWlJBdVE
0EDXsAwuDSs success uploaded, folder id: 0B7GYRmQ_BOeKdWZrUWZFWTFzR1k
0eEttNcp4mo success uploaded, folder id: 0B7GYRmQ_BOeKMEtuVnRWTHNaSnM
0eGiQzf6nac success uploaded, folder id: 0B7GYRmQ_BOeKcGZnQUZPX1VfcWc
0eGMzTSo3lc success uploaded, folder id: 0B7GYRmQ_BOeKVDBZMU4xOVk2NUE
0EgxhVjqzHs success uploaded, folder id: 0B7GYRmQ_BOeKcXVwc3dFREpzUm8
0eHqFVn7Xsw success uploaded, folder id: 0B7GYRmQ_BOeKWGJRMUZVZVJsLWs
0eHxmGpC9Uc success uploaded, folder id: 0B7GYRmQ_BOeKRHJJV2R5UENaem8
0eI5cOejnRs success uploaded, folder id: 0B7GYRmQ_BOeKVVR0UU5zM1hGTjQ
0EIKvTF0EY4 success uploaded, folder id: 0B7GYRmQ_BOeKd2pTSHllai03U0E
0EjkQaB8dvw success uploaded, folder id: 0B7GYRmQ_BOeKcHBFWUtBOVJYVDA
0Ejnxc6POcs success uploaded, folder id: 0B7GYRmQ_BOeKcUtqdGdueDRaWkk
0ejSCWd5dvs success uploaded, folder id: 0B7GYRmQ_BOeKVmJtT1F3V2hjeFE
0EKSzyDUwFo success uploaded, folder id: 0B7GYRmQ_BOeKR1k3eTNzMWFJNTA
0eL2zmnErdY success uploaded, folder id: 0B7GYRmQ_BOeKa3psRUg5M2dXUWM
0eLE8WWYNVU success uploaded, folder id: 0B7GYRmQ_BOeKeGhBcm01SnRUNjA
0eLfXzVbXBQ success uploaded, folder id: 0B7GYRmQ_BOeKd2F3QjN5WklEdVU
0ElGQAz2ZfI success uploaded, folder id: 0B7GYRmQ_BOeKZm5HQjhPbGthTjA
0eloPUvcC6U success uploaded, folder id: 0B7GYRmQ_BOeKT1ROOHI4OXo0TWM
0ElQ8z-Sea4 success uploaded, folder id: 0B7GYRmQ_BOeKNkRpUWFRYmJTRWM
0e_mBsooeVw success uploaded, folder id: 0B7GYRmQ_BOeKdFVoY2VlRGVZOUE
0eMDfb9_jus success uploaded, folder id: 0B7GYRmQ_BOeKQTJ2MDh6ZG9SaFk
0eMgwPCpydU success uploaded, folder id: 0B7GYRmQ_BOeKcGthVEhhUDUxbk0
0eMJ3jjPn4k success uploaded, folder id: 0B7GYRmQ_BOeKOUZoVm55eF9JQzg
0Emt3yw-Jsc success uploaded, folder id: 0B7GYRmQ_BOeKal9Qc3hndkc3d2s
0EnZEF8e71E success uploaded, folder id: 0B7GYRmQ_BOeKY243OEh5dE1GcEU
0eo0ESEX9DE success uploaded, folder id: 0B7GYRmQ_BOeKOGt3NlZoczVLUk0
0eoKV7PJges success uploaded, folder id: 0B7GYRmQ_BOeKU3RIb05XNXplUms
0ePGuQlCyL0 success uploaded, folder id: 0B7GYRmQ_BOeKMzAzRXJBYlc0Zk0
0eP_Kr3VQcY success uploaded, folder id: 0B7GYRmQ_BOeKbV9kZi12ZkdPcnM
0EQ410_ZnKY success uploaded, folder id: 0B7GYRmQ_BOeKYl96M2hmMHVSRmc
0ERAnD-pu1A success uploaded, folder id: 0B7GYRmQ_BOeKbFF1dzZLVlNFTlU
0ERCH7dTTkY success uploaded, folder id: 0B7GYRmQ_BOeKSXA1cTBnZVhVT0U
0ERIKhclnqo success uploaded, folder id: 0B7GYRmQ_BOeKTEhHLW8taDBZUkE
0ERtI4bHujI success uploaded, folder id: 0B7GYRmQ_BOeKWjRjcTA0b29PNTA
0es2OckuHoM success uploaded, folder id: 0B7GYRmQ_BOeKVXl0ZHNMQmZGNkE
0EscjzY3wdY success uploaded, folder id: 0B7GYRmQ_BOeKaFVMUlZkc0RDRGc
0EsDTMnKSMo success uploaded, folder id: 0B7GYRmQ_BOeKbjgyUnpSUXBaaWc
0ES-Ging2OY success uploaded, folder id: 0B7GYRmQ_BOeKanFlMGVSRzQxejQ
_0eT3hUFcFY success uploaded, folder id: 0B7GYRmQ_BOeKTnE4Y3J3VG1iNDg
0EtJqz4fw2Q success uploaded, folder id: 0B7GYRmQ_BOeKTUpDc3VTQTJTQTQ
0eucHrWFhq8 success uploaded, folder id: 0B7GYRmQ_BOeKWW42Rk8zcVMzbEU
0EULn8qjg2I success uploaded, folder id: 0B7GYRmQ_BOeKa1VxUDRTbWhtOXM
0eUxwMVp01o success uploaded, folder id: 0B7GYRmQ_BOeKbEJvY0FKNEcyZms
0eUZnv26mRY success uploaded, folder id: 0B7GYRmQ_BOeKQWU4Y1JqSm0yUFU
0evDvX_z_kQ success uploaded, folder id: 0B7GYRmQ_BOeKTVZSQVNiVFI5OU0
0eVLKWSHsQA success uploaded, folder id: 0B7GYRmQ_BOeKS0JCYUx5T3J1c0U
0EVmJWuQjJE success uploaded, folder id: 0B7GYRmQ_BOeKSEtUTEJfcTBnNGs
0EWbonj7f18 success uploaded, folder id: 0B7GYRmQ_BOeKVm96VGRjMFVIVkU
0ewck87FQSM success uploaded, folder id: 0B7GYRmQ_BOeKU3JKZGl4LUpoMXM
0ewGL1NpD84 success uploaded, folder id: 0B7GYRmQ_BOeKUVpqeEt3TjFMYnM
0EwSogS8DZY success uploaded, folder id: 0B7GYRmQ_BOeKYmMtUDhIenN2SWs
0EX50uO9q8M success uploaded, folder id: 0B7GYRmQ_BOeKVUNiUTd1VzVwMmM
0eXQHJKxtIM success uploaded, folder id: 0B7GYRmQ_BOeKcGQtRDhpME5WcUE
0Ey0yYWTH4E success uploaded, folder id: 0B7GYRmQ_BOeKRzgzamlVZHI0dU0
0eY7btsiRa8 success uploaded, folder id: 0B7GYRmQ_BOeKYWdnOXNjaFk2blE
0eyb11R5Nz4 success uploaded, folder id: 0B7GYRmQ_BOeKa2pUZUlxTnNfMlU
0eyBBkiehTY success uploaded, folder id: 0B7GYRmQ_BOeKVkxqM3hFeWFrVkE
0_EyXiVU_BY success uploaded, folder id: 0B7GYRmQ_BOeKVlNzb0FTQkYzcTA
0EzhhVLhBB0 success uploaded, folder id: 0B7GYRmQ_BOeKazJza2RRb2M2WVk
0ezN9Mm4zyc success uploaded, folder id: 0B7GYRmQ_BOeKT19hMnV3OUVySW8
0EzoHXEzdwY success uploaded, folder id: 0B7GYRmQ_BOeKNnVKUzNkbXlxRDg
0ezqL9bod2I success uploaded, folder id: 0B7GYRmQ_BOeKNFplRVM3VkVGSmc
0F0ImIHLQVY success uploaded, folder id: 0B7GYRmQ_BOeKc3BjaHB5cFltZ1k
0f0IOTHL3fI success uploaded, folder id: 0B7GYRmQ_BOeKVFphTkhzU18xRFU
0F1vGjJgTU0 success uploaded, folder id: 0B7GYRmQ_BOeKVWNJblBpdU9SLTQ
0-f3BZjrCFs success uploaded, folder id: 0B7GYRmQ_BOeKTTVwZnJfRDBpbUE
0F3DfNwmUHI success uploaded, folder id: 0B7GYRmQ_BOeKdE5kdnk0RWgteGM
0F3oE33L74g success uploaded, folder id: 0B7GYRmQ_BOeKRjdFMmh1WjdGQjA
0F56DAxmZJo success uploaded, folder id: 0B7GYRmQ_BOeKX3B2U2JHUkVyYk0
0f61jJSMeBg success uploaded, folder id: 0B7GYRmQ_BOeKVGFoWWFZMDEtcmc
0f66PwVPI_g success uploaded, folder id: 0B7GYRmQ_BOeKQUY0aG9kMnFJNFE
0f679wqZttE success uploaded, folder id: 0B7GYRmQ_BOeKNGc3RXQ4VkdwcjA
0F69S8sKJIM success uploaded, folder id: 0B7GYRmQ_BOeKUVgzbkp1dnQ3X0E
0F6wC6Wp9yE success uploaded, folder id: 0B7GYRmQ_BOeKWmdVeklIUVdOY0U
0f7BOxDRfMA success uploaded, folder id: 0B7GYRmQ_BOeKTm81TGZGcWE2Vm8
0F-7lfWUrg0 success uploaded, folder id: 0B7GYRmQ_BOeKYksyVzNxNUdHams
0F7MvZh79Qs success uploaded, folder id: 0B7GYRmQ_BOeKQjNfeHNEdEVpRkU
0f89ItQep3E success uploaded, folder id: 0B7GYRmQ_BOeKYlVmS3FmSXFEN1U
0f8aCDNIm0w success uploaded, folder id: 0B7GYRmQ_BOeKMDd0REhGdVZoazA
0F9Uxv2v6MQ success uploaded, folder id: 0B7GYRmQ_BOeKa1h0ZXY2U0ltTUE
0Fat7YrLlZA success uploaded, folder id: 0B7GYRmQ_BOeKY0otc3N6YzVlWjA
0f_AWggPTRk success uploaded, folder id: 0B7GYRmQ_BOeKNnYxQXU5VXhGaE0
0fB2b5ZV33s success uploaded, folder id: 0B7GYRmQ_BOeKZ2x0eVZoZ193UFU
0fbxmdPX-lA success uploaded, folder id: 0B7GYRmQ_BOeKVDZHWXRVb1hsTGM
0FB-yXxt7wM success uploaded, folder id: 0B7GYRmQ_BOeKMGdjSTRHWTd6czQ
0FCHwaGb_6s success uploaded, folder id: 0B7GYRmQ_BOeKRlliZW1JdEw2cUE
0_fCIrAXGTM success uploaded, folder id: 0B7GYRmQ_BOeKeVRtYUxCMGlwTjg
0_fCspkMEdQ success uploaded, folder id: 0B7GYRmQ_BOeKZmlIakVBVU9zOVU
-0fdjue0IvI success uploaded, folder id: 0B7GYRmQ_BOeKR2o2MmdKWjhXMnM
0fdrC2zzXK4 success uploaded, folder id: 0B7GYRmQ_BOeKVVBCTlJNSzBaOW8
0fe72iEEloo success uploaded, folder id: 0B7GYRmQ_BOeKbHBMTkVobkFQdk0
0FeDeb_tXUM success uploaded, folder id: 0B7GYRmQ_BOeKcHhMc0NRZHIxZVk
0FEjyAhoea0 success uploaded, folder id: 0B7GYRmQ_BOeKS3B0TWZXRzdfTVk
0-fELMbunyk success uploaded, folder id: 0B7GYRmQ_BOeKc3NfR1UwR21YVFk
0FfQbG-Vr9s success uploaded, folder id: 0B7GYRmQ_BOeKU3dUcE9VWDlVbmM
0fgLoeuLW3w success uploaded, folder id: 0B7GYRmQ_BOeKNTNmbzI0c0wyeG8
0fgqDWyR-oM success uploaded, folder id: 0B7GYRmQ_BOeKbmlWcTZZU2M1UXM
0FH0k_NZV6U success uploaded, folder id: 0B7GYRmQ_BOeKNVBQU0xWTHNlMVE
0fHh1f-5WDU success uploaded, folder id: 0B7GYRmQ_BOeKZUJfSHZ5d2xoSjg
0fHJmSJXWJM success uploaded, folder id: 0B7GYRmQ_BOeKWU4teWtNdmI5elk
0fI0sBwixN4 success uploaded, folder id: 0B7GYRmQ_BOeKYVF5Nm5jNVR5X2M
0FIG0EXmK94 success uploaded, folder id: 0B7GYRmQ_BOeKQmJFek1GUmNEMzg
0fIVcVamjd0 success uploaded, folder id: 0B7GYRmQ_BOeKbzJzVnNtTFR5WG8
0fivQUlC7-8 success uploaded, folder id: 0B7GYRmQ_BOeKMlllOWFEdFhhNWM
0fJXIThoqsA success uploaded, folder id: 0B7GYRmQ_BOeKUkw4dWtCSllyY0U
0fJyCpXqDgo success uploaded, folder id: 0B7GYRmQ_BOeKVEh5VXVhb00yV2c
0fkks4Yy2Ak success uploaded, folder id: 0B7GYRmQ_BOeKeDk0VklnWnA3UnM
0FKKYcJb3eg success uploaded, folder id: 0B7GYRmQ_BOeKYnBRQUdUTUJKNnc
0fK_Nkjkyvs success uploaded, folder id: 0B7GYRmQ_BOeKY3B4WEg0elVvWHM
0f-LiTIcnl4 success uploaded, folder id: 0B7GYRmQ_BOeKWmdQNEZEQWM4X0k
0_FlQldAR0k success uploaded, folder id: 0B7GYRmQ_BOeKNVBfcWdOUndTSFk
0fMq-suZ2eY success uploaded, folder id: 0B7GYRmQ_BOeKWFY2a2daSmtaZWc
0fNGm9owGNI success uploaded, folder id: 0B7GYRmQ_BOeKbWl3dXpUV2tjSzg
0FNvOV-sFIA success uploaded, folder id: 0B7GYRmQ_BOeKU2szZXg0encteG8
0fp6f1Vh4yU success uploaded, folder id: 0B7GYRmQ_BOeKb3M5Mm1FY1l3Vzg
0FQLzPiqFDQ success uploaded, folder id: 0B7GYRmQ_BOeKVU1Nb1VLWTY5bDg
0FQM0RUEgYg success uploaded, folder id: 0B7GYRmQ_BOeKWEk2SURyWlJuU3c
0FqMnGikQWo success uploaded, folder id: 0B7GYRmQ_BOeKdHFjMlE3b1duNm8
-0fQYTNjUSM success uploaded, folder id: 0B7GYRmQ_BOeKai1wQWdod3VHajA
0fRjMJk2oRI success uploaded, folder id: 0B7GYRmQ_BOeKcEZKRHY5VE9JTEE
0FU4jfeiLQs success uploaded, folder id: 0B7GYRmQ_BOeKQlNHNzJuckFnWlE
0FuKk0ykt0c success uploaded, folder id: 0B7GYRmQ_BOeKWkJXeUhRUGlvUlE
0Fun554kJo0 success uploaded, folder id: 0B7GYRmQ_BOeKVXUxZ0pFVUt4b0k
0FUVHAfvT7E success uploaded, folder id: 0B7GYRmQ_BOeKenI4MjRmcEJxeEU
0fVAMaV7syE success uploaded, folder id: 0B7GYRmQ_BOeKQmFpMlZ3Mm9oN1k
0fVzlmDI7vU success uploaded, folder id: 0B7GYRmQ_BOeKOXR2QnBUODRQQ3c
0fw5Cyh21TE success uploaded, folder id: 0B7GYRmQ_BOeKam13S0haT2tRX0E
0fW9for6Wdk success uploaded, folder id: 0B7GYRmQ_BOeKSS04RnFZT1JyamM
0fWy9aj0-I4 success uploaded, folder id: 0B7GYRmQ_BOeKcm9vbkhfOUtpRm8
0FX6Bh2QnRE success uploaded, folder id: 0B7GYRmQ_BOeKRFhrVUVJWHJKbnc
0FXJUP6_O1w success uploaded, folder id: 0B7GYRmQ_BOeKNzRXczBHSzNJNjA
0FXkERWuyG0 success uploaded, folder id: 0B7GYRmQ_BOeKenN6eElvX1hQak0
0fxQezK4Ahg success uploaded, folder id: 0B7GYRmQ_BOeKbGxBSDNkM2J5TjA
0fxR-7cV8UU success uploaded, folder id: 0B7GYRmQ_BOeKdmx3eWZqTUp1VDQ
0FXtGTxt1Fs success uploaded, folder id: 0B7GYRmQ_BOeKZ05BNWJHT1BoaTg
